Using pre-set license
Desktop is 3440 x 1440 @ 60 Hz

 COMMAND LINE ARGUMENTS:
Unity
-adb2
-batchMode
-noUpm
-name
AssetImportWorker0
-projectPath
/home/felipe/Github/Unity/Unity_BASICS
-logFile
Logs/AssetImportWorker0.log
-srvPort
37239
Successfully changed project path to: /home/felipe/Github/Unity/Unity_BASICS
/home/felipe/Github/Unity/Unity_BASICS
Using Asset Import Pipeline V2.
Refreshing native plugins compatible for Editor in 23,08 ms, found 0 plugins.
Preloading 0 native plugins for Editor in 0,00 ms.
Initialize engine version: 2020.2.6f1 (8a2143876886)
[Subsystems] Discovering subsystems at path /media/felipe/DATA/Unity_Linux/2020.2.6f1/Editor/Data/Resources/UnitySubsystems
[Subsystems] Discovering subsystems at path /home/felipe/Github/Unity/Unity_BASICS/Assets
GLX Extensions: GLX_EXT_visual_info GLX_EXT_visual_rating GLX_EXT_import_context GLX_SGIX_fbconfig GLX_SGIX_pbuffer GLX_SGI_video_sync GLX_SGI_swap_control GLX_EXT_swap_control GLX_EXT_swap_control_tear GLX_EXT_texture_from_pixmap GLX_EXT_buffer_age GLX_ARB_create_context GLX_ARB_create_context_profile GLX_EXT_create_context_es_profile GLX_EXT_create_context_es2_profile GLX_ARB_create_context_no_error GLX_ARB_create_context_robustness GLX_NV_delay_before_swap GLX_EXT_stereo_tree GLX_ARB_context_flush_control GLX_NV_robustness_video_memory_purge GLX_NV_multigpu_context GLX_ARB_multisample GLX_NV_float_buffer GLX_ARB_fbconfig_float GLX_EXT_framebuffer_sRGB GLX_NV_copy_image GLX_ARB_get_proc_address 
Renderer: GeForce GTX 1060 6GB/PCIe/SSE2
Vendor:   NVIDIA Corporation
Version:  4.5.0 NVIDIA 455.23.05
GLES:     0
 GL_AMD_multi_draw_indirect GL_AMD_seamless_cubemap_per_texture GL_AMD_vertex_shader_viewport_index GL_AMD_vertex_shader_layer GL_ARB_arrays_of_arrays GL_ARB_base_instance GL_ARB_bindless_texture GL_ARB_blend_func_extended GL_ARB_buffer_storage GL_ARB_clear_buffer_object GL_ARB_clear_texture GL_ARB_clip_control GL_ARB_color_buffer_float GL_ARB_compressed_texture_pixel_storage GL_ARB_conservative_depth GL_ARB_compute_shader GL_ARB_compute_variable_group_size GL_ARB_conditional_render_inverted GL_ARB_copy_buffer GL_ARB_copy_image GL_ARB_cull_distance GL_ARB_debug_output GL_ARB_depth_buffer_float GL_ARB_depth_clamp GL_ARB_depth_texture GL_ARB_derivative_control GL_ARB_direct_state_access GL_ARB_draw_buffers GL_ARB_draw_buffers_blend GL_ARB_draw_indirect GL_ARB_draw_elements_base_vertex GL_ARB_draw_instanced GL_ARB_enhanced_layouts GL_ARB_ES2_compatibility GL_ARB_ES3_compatibility GL_ARB_ES3_1_compatibility GL_ARB_ES3_2_compatibility GL_ARB_explicit_attrib_location GL_ARB_explicit_uniform_location GL_ARB_fragmen
t_coord_conventions GL_ARB_fragment_layer_viewport GL_ARB_fragment_program GL_ARB_fragment_program_shadow GL_ARB_fragment_shader GL_ARB_fragment_shader_interlock GL_ARB_framebuffer_no_attachments GL_ARB_framebuffer_object GL_ARB_framebuffer_sRGB GL_ARB_geometry_shader4 GL_ARB_get_program_binary GL_ARB_get_texture_sub_image GL_ARB_gl_spirv GL_ARB_gpu_shader5 GL_ARB_gpu_shader_fp64 GL_ARB_gpu_shader_int64 GL_ARB_half_float_pixel GL_ARB_half_float_vertex GL_ARB_imaging GL_ARB_indirect_parameters GL_ARB_instanced_arrays GL_ARB_internalformat_query GL_ARB_internalformat_query2 GL_ARB_invalidate_subdata GL_ARB_map_buffer_alignment GL_ARB_map_buffer_range GL_ARB_multi_bind GL_ARB_multi_draw_indirect GL_ARB_multisample GL_ARB_multitexture GL_ARB_occlusion_query GL_ARB_occlusion_query2 GL_ARB_parallel_shader_compile GL_ARB_pipeline_statistics_query GL_ARB_pixel_buffer_object GL_ARB_point_parameters GL_ARB_point_sprite GL_ARB_polygon_offset_clamp GL_ARB_post_depth_coverage GL_ARB_program_interface_query GL_ARB_provoki
ng_vertex GL_ARB_query_buffer_object GL_ARB_robust_buffer_access_behavior GL_ARB_robustness GL_ARB_sample_locations GL_ARB_sample_shading GL_ARB_sampler_objects GL_ARB_seamless_cube_map GL_ARB_seamless_cubemap_per_texture GL_ARB_separate_shader_objects GL_ARB_shader_atomic_counter_ops GL_ARB_shader_atomic_counters GL_ARB_shader_ballot GL_ARB_shader_bit_encoding GL_ARB_shader_clock GL_ARB_shader_draw_parameters GL_ARB_shader_group_vote GL_ARB_shader_image_load_store GL_ARB_shader_image_size GL_ARB_shader_objects GL_ARB_shader_precision GL_ARB_shader_storage_buffer_object GL_ARB_shader_subroutine GL_ARB_shader_texture_image_samples GL_ARB_shader_texture_lod GL_ARB_shading_language_100 GL_ARB_shader_viewport_layer_array GL_ARB_shading_language_420pack GL_ARB_shading_language_include GL_ARB_shading_language_packing GL_ARB_shadow GL_ARB_sparse_buffer GL_ARB_sparse_texture GL_ARB_sparse_texture2 GL_ARB_sparse_texture_clamp GL_ARB_spirv_extensions GL_ARB_stencil_texturing GL_ARB_sync GL_ARB_tessellation_shader GL_A
RB_texture_barrier GL_ARB_texture_border_clamp GL_ARB_texture_buffer_object GL_ARB_texture_buffer_object_rgb32 GL_ARB_texture_buffer_range GL_ARB_texture_compression GL_ARB_texture_compression_bptc GL_ARB_texture_compression_rgtc GL_ARB_texture_cube_map GL_ARB_texture_cube_map_array GL_ARB_texture_env_add GL_ARB_texture_env_combine GL_ARB_texture_env_crossbar GL_ARB_texture_env_dot3 GL_ARB_texture_filter_anisotropic GL_ARB_texture_filter_minmax GL_ARB_texture_float GL_ARB_texture_gather GL_ARB_texture_mirror_clamp_to_edge GL_ARB_texture_mirrored_repeat GL_ARB_texture_multisample GL_ARB_texture_non_power_of_two GL_ARB_texture_query_levels GL_ARB_texture_query_lod GL_ARB_texture_rectangle GL_ARB_texture_rg GL_ARB_texture_rgb10_a2ui GL_ARB_texture_stencil8 GL_ARB_texture_storage GL_ARB_texture_storage_multisample GL_ARB_texture_swizzle GL_ARB_texture_view GL_ARB_timer_query GL_ARB_transform_feedback2 GL_ARB_transform_feedback3 GL_ARB_transform_feedback_instanced GL_ARB_transform_feedback_overflow_query GL_ARB_t
ranspose_matrix GL_ARB_uniform_buffer_object GL_ARB_vertex_array_bgra GL_ARB_vertex_array_object GL_ARB_vertex_attrib_64bit GL_ARB_vertex_attrib_binding GL_ARB_vertex_buffer_object GL_ARB_vertex_program GL_ARB_vertex_shader GL_ARB_vertex_type_10f_11f_11f_rev GL_ARB_vertex_type_2_10_10_10_rev GL_ARB_viewport_array GL_ARB_window_pos GL_ATI_draw_buffers GL_ATI_texture_float GL_ATI_texture_mirror_once GL_S3_s3tc GL_EXT_texture_env_add GL_EXT_abgr GL_EXT_bgra GL_EXT_bindable_uniform GL_EXT_blend_color GL_EXT_blend_equation_separate GL_EXT_blend_func_separate GL_EXT_blend_minmax GL_EXT_blend_subtract GL_EXT_compiled_vertex_array GL_EXT_Cg_shader GL_EXT_depth_bounds_test GL_EXT_direct_state_access GL_EXT_draw_buffers2 GL_EXT_draw_instanced GL_EXT_draw_range_elements GL_EXT_fog_coord GL_EXT_framebuffer_blit GL_EXT_framebuffer_multisample GL_EXTX_framebuffer_mixed_formats GL_EXT_framebuffer_multisample_blit_scaled GL_EXT_framebuffer_object GL_EXT_framebuffer_sRGB GL_EXT_geometry_shader4 GL_EXT_gpu_program_parameters 
GL_EXT_gpu_shader4 GL_EXT_multi_draw_arrays GL_EXT_multiview_texture_multisample GL_EXT_multiview_timer_query GL_EXT_packed_depth_stencil GL_EXT_packed_float GL_EXT_packed_pixels GL_EXT_pixel_buffer_object GL_EXT_point_parameters GL_EXT_polygon_offset_clamp GL_EXT_post_depth_coverage GL_EXT_provoking_vertex GL_EXT_raster_multisample GL_EXT_rescale_normal GL_EXT_secondary_color GL_EXT_separate_shader_objects GL_EXT_separate_specular_color GL_EXT_shader_image_load_formatted GL_EXT_shader_image_load_store GL_EXT_shader_integer_mix GL_EXT_shadow_funcs GL_EXT_sparse_texture2 GL_EXT_stencil_two_side GL_EXT_stencil_wrap GL_EXT_texture3D GL_EXT_texture_array GL_EXT_texture_buffer_object GL_EXT_texture_compression_dxt1 GL_EXT_texture_compression_latc GL_EXT_texture_compression_rgtc GL_EXT_texture_compression_s3tc GL_EXT_texture_cube_map GL_EXT_texture_edge_clamp GL_EXT_texture_env_combine GL_EXT_texture_env_dot3 GL_EXT_texture_filter_anisotropic GL_EXT_texture_filter_minmax GL_EXT_texture_integer GL_EXT_texture_lod G
L_EXT_texture_lod_bias GL_EXT_texture_mirror_clamp GL_EXT_texture_object GL_EXT_texture_shadow_lod GL_EXT_texture_shared_exponent GL_EXT_texture_sRGB GL_EXT_texture_sRGB_R8 GL_EXT_texture_sRGB_decode GL_EXT_texture_storage GL_EXT_texture_swizzle GL_EXT_timer_query GL_EXT_transform_feedback2 GL_EXT_vertex_array GL_EXT_vertex_array_bgra GL_EXT_vertex_attrib_64bit GL_EXT_window_rectangles GL_EXT_x11_sync_object GL_EXT_import_sync_object GL_NV_robustness_video_memory_purge GL_IBM_rasterpos_clip GL_IBM_texture_mirrored_repeat GL_KHR_context_flush_control GL_KHR_debug GL_EXT_memory_object GL_EXT_memory_object_fd GL_KHR_parallel_shader_compile GL_KHR_no_error GL_KHR_robust_buffer_access_behavior GL_KHR_robustness GL_EXT_semaphore GL_EXT_semaphore_fd GL_KHR_shader_subgroup GL_KTX_buffer_region GL_NV_alpha_to_coverage_dither_control GL_NV_bindless_multi_draw_indirect GL_NV_bindless_multi_draw_indirect_count GL_NV_bindless_texture GL_NV_blend_equation_advanced GL_NV_blend_equation_advanced_coherent GL_NVX_blend_equati
on_advanced_multi_draw_buffers GL_NV_blend_minmax_factor GL_NV_blend_square GL_NV_clip_space_w_scaling GL_NV_command_list GL_NV_compute_program5 GL_NV_conditional_render GL_NV_conservative_raster GL_NV_conservative_raster_dilate GL_NV_conservative_raster_pre_snap_triangles GL_NV_copy_depth_to_color GL_NV_copy_image GL_NV_depth_buffer_float GL_NV_depth_clamp GL_NV_draw_texture GL_NV_draw_vulkan_image GL_NV_ES1_1_compatibility GL_NV_ES3_1_compatibility GL_NV_explicit_multisample GL_NV_feature_query GL_NV_fence GL_NV_fill_rectangle GL_NV_float_buffer GL_NV_fog_distance GL_NV_fragment_coverage_to_color GL_NV_fragment_program GL_NV_fragment_program_option GL_NV_fragment_program2 GL_NV_fragment_shader_interlock GL_NV_framebuffer_mixed_samples GL_NV_framebuffer_multisample_coverage GL_NV_geometry_shader4 GL_NV_geometry_shader_passthrough GL_NV_gpu_program4 GL_NV_internalformat_sample_query GL_NV_gpu_program4_1 GL_NV_gpu_program5 GL_NV_gpu_program5_mem_extended GL_NV_gpu_program_fp64 GL_NV_gpu_shader5 GL_NV_half_flo
at GL_NV_light_max_exponent GL_NV_memory_attachment GL_NV_multisample_coverage GL_NV_multisample_filter_hint GL_NV_occlusion_query GL_NV_packed_depth_stencil GL_NV_parameter_buffer_object GL_NV_parameter_buffer_object2 GL_NV_path_rendering GL_NV_path_rendering_shared_edge GL_NV_pixel_data_range GL_NV_point_sprite GL_NV_primitive_restart GL_NV_query_resource GL_NV_query_resource_tag GL_NV_register_combiners GL_NV_register_combiners2 GL_NV_sample_locations GL_NV_sample_mask_override_coverage GL_NV_shader_atomic_counters GL_NV_shader_atomic_float GL_NV_shader_atomic_float64 GL_NV_shader_atomic_fp16_vector GL_NV_shader_atomic_int64 GL_NV_shader_buffer_load GL_NV_shader_storage_buffer_object GL_NV_shader_subgroup_partitioned GL_NV_stereo_view_rendering GL_NV_texgen_reflection GL_NV_texture_barrier GL_NV_texture_compression_vtc GL_NV_texture_env_combine4 GL_NV_texture_multisample GL_NV_texture_rectangle GL_NV_texture_rectangle_compressed GL_NV_texture_shader GL_NV_texture_shader2 GL_NV_texture_shader3 GL_NV_transf
orm_feedback GL_NV_transform_feedback2 GL_NV_uniform_buffer_unified_memory GL_NV_vdpau_interop GL_NV_vdpau_interop2 GL_NV_vertex_array_range GL_NV_vertex_array_range2 GL_NV_vertex_attrib_integer_64bit GL_NV_vertex_buffer_unified_memory GL_NV_vertex_program GL_NV_vertex_program1_1 GL_NV_vertex_program2 GL_NV_vertex_program2_option GL_NV_vertex_program3 GL_NV_viewport_array2 GL_NV_viewport_swizzle GL_NVX_conditional_render GL_NV_gpu_multicast GL_NVX_progress_fence GL_NVX_gpu_memory_info GL_NVX_nvenc_interop GL_NV_shader_thread_group GL_NV_shader_thread_shuffle GL_KHR_blend_equation_advanced GL_KHR_blend_equation_advanced_coherent GL_OVR_multiview GL_OVR_multiview2 GL_SGIS_generate_mipmap GL_SGIS_texture_lod GL_SGIX_depth_texture GL_SGIX_shadow GL_SUN_slice_accum
OPENGL LOG: Creating OpenGL 4.5 graphics device ; Context level  <OpenGL 4.5> ; Context handle 1042291640
Initialize mono
Mono path[0] = '/media/felipe/DATA/Unity_Linux/2020.2.6f1/Editor/Data/Managed'
Mono path[1] = '/media/felipe/DATA/Unity_Linux/2020.2.6f1/Editor/Data/MonoBleedingEdge/lib/mono/unityjit'
Mono config path = '/media/felipe/DATA/Unity_Linux/2020.2.6f1/Editor/Data/MonoBleedingEdge/etc'
Using monoOptions --debugger-agent=transport=dt_socket,embedding=1,server=y,suspend=n,address=127.0.0.1:56907
Begin MonoManager ReloadAssembly
Registering precompiled unity dll's ...
Register platform support module: /media/felipe/DATA/Unity_Linux/2020.2.6f1/Editor/Data/PlaybackEngines/LinuxStandaloneSupport/UnityEditor.LinuxStandalone.Extensions.dll
Registered in 0,012844 seconds.
Native extension for LinuxStandalone target not found
Refreshing native plugins compatible for Editor in 18,48 ms, found 0 plugins.
Preloading 0 native plugins for Editor in 0,00 ms.
Invoked RoslynAnalysisRunner static constructor.
RoslynAnalysisRunner will not be running.
RoslynAnalysisRunner has terminated.
Mono: successfully reloaded assembly
- Completed reload, in  8,622 seconds
Platform modules already initialized, skipping
Registering precompiled user dll's ...
Registered in 0,000326 seconds.
Begin MonoManager ReloadAssembly
Native extension for LinuxStandalone target not found
Refreshing native plugins compatible for Editor in 0,18 ms, found 0 plugins.
Preloading 0 native plugins for Editor in 0,00 ms.
Invoked RoslynAnalysisRunner static constructor.
RoslynAnalysisRunner will not be running.
RoslynAnalysisRunner has terminated.
Mono: successfully reloaded assembly
- Completed reload, in  0,902 seconds
Platform modules already initialized, skipping
========================================================================
Worker process is ready to serve import requests
Launched and connected shader compiler UnityShaderCompiler after 0.01 seconds
Refreshing native plugins compatible for Editor in 0,17 ms, found 0 plugins.
Preloading 0 native plugins for Editor in 0,00 ms.
Unloading 1106 Unused Serialized files (Serialized files now loaded: 0)
System memory in use before: 51,0 MB.
System memory in use after: 51,0 MB.

Unloading 9 unused Assets to reduce memory usage. Loaded Objects now: 1548.
Total: 1,857132 ms (FindLiveObjects: 0,130279 ms CreateObjectMapping: 0,038480 ms MarkObjects: 1,600260 ms  DeleteObjects: 0,087240 ms)

========================================================================
Received Import Request.
  path: Assets/ObstacleMap.mat
  artifactKey: Guid(20c8c316edd8ce9f5b0d3020d95bc334) Importer(815301076,1909f56bfc062723c751e8b465ee728b)
Start importing Assets/ObstacleMap.mat using Guid(20c8c316edd8ce9f5b0d3020d95bc334) Importer(815301076,1909f56bfc062723c751e8b465ee728b)  -> (artifact id: '08a0b6d1f2cc9afb079d78b59708b53d') in 0,160866 seconds
  Import took 0,162564 seconds .

========================================================================
Received Import Request.
  Time since last request: 0,000178 seconds.
  path: Assets/GroundMap.mat
  artifactKey: Guid(1beb0bfd9937a9164b4595e5ce8a739c) Importer(815301076,1909f56bfc062723c751e8b465ee728b)
Start importing Assets/GroundMap.mat using Guid(1beb0bfd9937a9164b4595e5ce8a739c) Importer(815301076,1909f56bfc062723c751e8b465ee728b)  -> (artifact id: 'd06cbc28b8bd1adbd10f4b15e30ddf35') in 0,005129 seconds
  Import took 0,006428 seconds .

========================================================================
Received Import Request.
  Time since last request: 136,706883 seconds.
  path: Assets/PlayerMovement.cs
  artifactKey: Guid(054ddb57d92e4f9378ef868632742cdf) Importer(815301076,1909f56bfc062723c751e8b465ee728b)
Start importing Assets/PlayerMovement.cs using Guid(054ddb57d92e4f9378ef868632742cdf) Importer(815301076,1909f56bfc062723c751e8b465ee728b)  -> (artifact id: 'a18646ed8e4685e3892ff70f1e31d7b0') in 0,000484 seconds
  Import took 0,001922 seconds .

========================================================================
Received Import Request.
  Time since last request: 0,005894 seconds.
  path: Assets/PlayerMovement.cs
  artifactKey: Guid(054ddb57d92e4f9378ef868632742cdf) Importer(815301076,1909f56bfc062723c751e8b465ee728b)
Start importing Assets/PlayerMovement.cs using Guid(054ddb57d92e4f9378ef868632742cdf) Importer(815301076,1909f56bfc062723c751e8b465ee728b)  -> (artifact id: 'a18646ed8e4685e3892ff70f1e31d7b0') in 0,000444 seconds
  Import took 0,001666 seconds .

========================================================================
Received Prepare
Registering precompiled user dll's ...
Registered in 0,000385 seconds.
Begin MonoManager ReloadAssembly
Native extension for LinuxStandalone target not found
Refreshing native plugins compatible for Editor in 0,27 ms, found 0 plugins.
Preloading 0 native plugins for Editor in 0,00 ms.
Invoked RoslynAnalysisRunner static constructor.
RoslynAnalysisRunner will not be running.
RoslynAnalysisRunner has terminated.
Mono: successfully reloaded assembly
- Completed reload, in  0,933 seconds
Platform modules already initialized, skipping
Refreshing native plugins compatible for Editor in 0,18 ms, found 0 plugins.
Preloading 0 native plugins for Editor in 0,00 ms.
Unloading 1101 Unused Serialized files (Serialized files now loaded: 0)
System memory in use before: 52,6 MB.
System memory in use after: 52,7 MB.

Unloading 4 unused Assets to reduce memory usage. Loaded Objects now: 1590.
Total: 1,666462 ms (FindLiveObjects: 0,154561 ms CreateObjectMapping: 0,031574 ms MarkObjects: 1,463212 ms  DeleteObjects: 0,015748 ms)

========================================================================
Received Prepare
Registering precompiled user dll's ...
Registered in 0,000355 seconds.
Begin MonoManager ReloadAssembly
Native extension for LinuxStandalone target not found
Refreshing native plugins compatible for Editor in 0,18 ms, found 0 plugins.
Preloading 0 native plugins for Editor in 0,00 ms.
Invoked RoslynAnalysisRunner static constructor.
RoslynAnalysisRunner will not be running.
RoslynAnalysisRunner has terminated.
Mono: successfully reloaded assembly
- Completed reload, in  0,868 seconds
Platform modules already initialized, skipping
Refreshing native plugins compatible for Editor in 0,20 ms, found 0 plugins.
Preloading 0 native plugins for Editor in 0,00 ms.
Unloading 1101 Unused Serialized files (Serialized files now loaded: 0)
System memory in use before: 52,6 MB.
System memory in use after: 52,7 MB.

Unloading 4 unused Assets to reduce memory usage. Loaded Objects now: 1592.
Total: 1,954229 ms (FindLiveObjects: 0,124371 ms CreateObjectMapping: 0,031226 ms MarkObjects: 1,781151 ms  DeleteObjects: 0,016151 ms)

========================================================================
Received Prepare
Registering precompiled user dll's ...
Registered in 0,014674 seconds.
Begin MonoManager ReloadAssembly
Native extension for LinuxStandalone target not found
Refreshing native plugins compatible for Editor in 0,18 ms, found 0 plugins.
Preloading 0 native plugins for Editor in 0,00 ms.
Invoked RoslynAnalysisRunner static constructor.
RoslynAnalysisRunner will not be running.
RoslynAnalysisRunner has terminated.
Mono: successfully reloaded assembly
- Completed reload, in  1,099 seconds
Platform modules already initialized, skipping
Refreshing native plugins compatible for Editor in 0,19 ms, found 0 plugins.
Preloading 0 native plugins for Editor in 0,00 ms.
Unloading 1101 Unused Serialized files (Serialized files now loaded: 0)
System memory in use before: 52,6 MB.
System memory in use after: 52,7 MB.

Unloading 4 unused Assets to reduce memory usage. Loaded Objects now: 1594.
Total: 1,679149 ms (FindLiveObjects: 0,130744 ms CreateObjectMapping: 0,029552 ms MarkObjects: 1,501482 ms  DeleteObjects: 0,016096 ms)

========================================================================
Received Prepare
Registering precompiled user dll's ...
Registered in 0,000302 seconds.
Begin MonoManager ReloadAssembly
Native extension for LinuxStandalone target not found
Refreshing native plugins compatible for Editor in 0,17 ms, found 0 plugins.
Preloading 0 native plugins for Editor in 0,00 ms.
Invoked RoslynAnalysisRunner static constructor.
RoslynAnalysisRunner will not be running.
RoslynAnalysisRunner has terminated.
Mono: successfully reloaded assembly
- Completed reload, in  0,850 seconds
Platform modules already initialized, skipping
Refreshing native plugins compatible for Editor in 0,18 ms, found 0 plugins.
Preloading 0 native plugins for Editor in 0,00 ms.
Unloading 1101 Unused Serialized files (Serialized files now loaded: 0)
System memory in use before: 52,6 MB.
System memory in use after: 52,7 MB.

Unloading 4 unused Assets to reduce memory usage. Loaded Objects now: 1596.
Total: 1,679317 ms (FindLiveObjects: 0,113781 ms CreateObjectMapping: 0,026592 ms MarkObjects: 1,523606 ms  DeleteObjects: 0,014254 ms)

========================================================================
Received Prepare
Registering precompiled user dll's ...
Registered in 0,000330 seconds.
Begin MonoManager ReloadAssembly
Native extension for LinuxStandalone target not found
Refreshing native plugins compatible for Editor in 0,17 ms, found 0 plugins.
Preloading 0 native plugins for Editor in 0,00 ms.
Invoked RoslynAnalysisRunner static constructor.
RoslynAnalysisRunner will not be running.
RoslynAnalysisRunner has terminated.
Mono: successfully reloaded assembly
- Completed reload, in  0,853 seconds
Platform modules already initialized, skipping
Refreshing native plugins compatible for Editor in 0,17 ms, found 0 plugins.
Preloading 0 native plugins for Editor in 0,00 ms.
Unloading 1101 Unused Serialized files (Serialized files now loaded: 0)
System memory in use before: 52,6 MB.
System memory in use after: 52,7 MB.

Unloading 4 unused Assets to reduce memory usage. Loaded Objects now: 1598.
Total: 1,644968 ms (FindLiveObjects: 0,158297 ms CreateObjectMapping: 0,031014 ms MarkObjects: 1,439172 ms  DeleteObjects: 0,015524 ms)

========================================================================
Received Prepare
Registering precompiled user dll's ...
Registered in 0,000331 seconds.
Begin MonoManager ReloadAssembly
Native extension for LinuxStandalone target not found
Refreshing native plugins compatible for Editor in 0,18 ms, found 0 plugins.
Preloading 0 native plugins for Editor in 0,00 ms.
Invoked RoslynAnalysisRunner static constructor.
RoslynAnalysisRunner will not be running.
RoslynAnalysisRunner has terminated.
Mono: successfully reloaded assembly
- Completed reload, in  0,882 seconds
Platform modules already initialized, skipping
Refreshing native plugins compatible for Editor in 0,14 ms, found 0 plugins.
Preloading 0 native plugins for Editor in 0,00 ms.
Unloading 1101 Unused Serialized files (Serialized files now loaded: 0)
System memory in use before: 52,6 MB.
System memory in use after: 52,7 MB.

Unloading 4 unused Assets to reduce memory usage. Loaded Objects now: 1600.
Total: 1,574085 ms (FindLiveObjects: 0,106381 ms CreateObjectMapping: 0,026133 ms MarkObjects: 1,427447 ms  DeleteObjects: 0,013301 ms)

========================================================================
Received Prepare
Registering precompiled user dll's ...
Registered in 0,000430 seconds.
Begin MonoManager ReloadAssembly
Native extension for LinuxStandalone target not found
Refreshing native plugins compatible for Editor in 0,18 ms, found 0 plugins.
Preloading 0 native plugins for Editor in 0,00 ms.
Invoked RoslynAnalysisRunner static constructor.
RoslynAnalysisRunner will not be running.
RoslynAnalysisRunner has terminated.
Mono: successfully reloaded assembly
- Completed reload, in  0,878 seconds
Platform modules already initialized, skipping
Refreshing native plugins compatible for Editor in 0,14 ms, found 0 plugins.
Preloading 0 native plugins for Editor in 0,00 ms.
Unloading 1101 Unused Serialized files (Serialized files now loaded: 0)
System memory in use before: 52,6 MB.
System memory in use after: 52,7 MB.

Unloading 4 unused Assets to reduce memory usage. Loaded Objects now: 1602.
Total: 1,626172 ms (FindLiveObjects: 0,119933 ms CreateObjectMapping: 0,024969 ms MarkObjects: 1,467572 ms  DeleteObjects: 0,012822 ms)

========================================================================
Received Prepare
Registering precompiled user dll's ...
Registered in 0,000340 seconds.
Begin MonoManager ReloadAssembly
Native extension for LinuxStandalone target not found
Refreshing native plugins compatible for Editor in 0,27 ms, found 0 plugins.
Preloading 0 native plugins for Editor in 0,00 ms.
Invoked RoslynAnalysisRunner static constructor.
RoslynAnalysisRunner will not be running.
RoslynAnalysisRunner has terminated.
Mono: successfully reloaded assembly
- Completed reload, in  0,878 seconds
Platform modules already initialized, skipping
Refreshing native plugins compatible for Editor in 0,13 ms, found 0 plugins.
Preloading 0 native plugins for Editor in 0,00 ms.
Unloading 1101 Unused Serialized files (Serialized files now loaded: 0)
System memory in use before: 52,6 MB.
System memory in use after: 52,7 MB.

Unloading 4 unused Assets to reduce memory usage. Loaded Objects now: 1604.
Total: 1,590342 ms (FindLiveObjects: 0,115622 ms CreateObjectMapping: 0,024208 ms MarkObjects: 1,436232 ms  DeleteObjects: 0,013073 ms)

========================================================================
Received Prepare
Registering precompiled user dll's ...
Registered in 0,000360 seconds.
Begin MonoManager ReloadAssembly
Native extension for LinuxStandalone target not found
Refreshing native plugins compatible for Editor in 0,18 ms, found 0 plugins.
Preloading 0 native plugins for Editor in 0,00 ms.
Invoked RoslynAnalysisRunner static constructor.
RoslynAnalysisRunner will not be running.
RoslynAnalysisRunner has terminated.
Mono: successfully reloaded assembly
- Completed reload, in  0,842 seconds
Platform modules already initialized, skipping
Refreshing native plugins compatible for Editor in 0,12 ms, found 0 plugins.
Preloading 0 native plugins for Editor in 0,00 ms.
Unloading 1101 Unused Serialized files (Serialized files now loaded: 0)
System memory in use before: 52,6 MB.
System memory in use after: 52,7 MB.

Unloading 4 unused Assets to reduce memory usage. Loaded Objects now: 1606.
Total: 1,629961 ms (FindLiveObjects: 0,114296 ms CreateObjectMapping: 0,025667 ms MarkObjects: 1,475851 ms  DeleteObjects: 0,013199 ms)

========================================================================
Received Prepare
Registering precompiled user dll's ...
Registered in 0,000273 seconds.
Begin MonoManager ReloadAssembly
Native extension for LinuxStandalone target not found
Refreshing native plugins compatible for Editor in 0,18 ms, found 0 plugins.
Preloading 0 native plugins for Editor in 0,00 ms.
Invoked RoslynAnalysisRunner static constructor.
RoslynAnalysisRunner will not be running.
RoslynAnalysisRunner has terminated.
Mono: successfully reloaded assembly
- Completed reload, in  0,849 seconds
Platform modules already initialized, skipping
Refreshing native plugins compatible for Editor in 0,13 ms, found 0 plugins.
Preloading 0 native plugins for Editor in 0,00 ms.
Unloading 1101 Unused Serialized files (Serialized files now loaded: 0)
System memory in use before: 52,6 MB.
System memory in use after: 52,7 MB.

Unloading 4 unused Assets to reduce memory usage. Loaded Objects now: 1608.
Total: 1,658560 ms (FindLiveObjects: 0,116168 ms CreateObjectMapping: 0,025054 ms MarkObjects: 1,504106 ms  DeleteObjects: 0,012396 ms)

========================================================================
Received Prepare
Registering precompiled user dll's ...
Registered in 0,000376 seconds.
Begin MonoManager ReloadAssembly
Native extension for LinuxStandalone target not found
Refreshing native plugins compatible for Editor in 0,17 ms, found 0 plugins.
Preloading 0 native plugins for Editor in 0,00 ms.
Invoked RoslynAnalysisRunner static constructor.
RoslynAnalysisRunner will not be running.
RoslynAnalysisRunner has terminated.
Mono: successfully reloaded assembly
- Completed reload, in  0,861 seconds
Platform modules already initialized, skipping
Refreshing native plugins compatible for Editor in 0,19 ms, found 0 plugins.
Preloading 0 native plugins for Editor in 0,00 ms.
Unloading 1101 Unused Serialized files (Serialized files now loaded: 0)
System memory in use before: 52,6 MB.
System memory in use after: 52,7 MB.

Unloading 4 unused Assets to reduce memory usage. Loaded Objects now: 1610.
Total: 1,677813 ms (FindLiveObjects: 0,110775 ms CreateObjectMapping: 0,025976 ms MarkObjects: 1,525128 ms  DeleteObjects: 0,014893 ms)

========================================================================
Received Prepare
Registering precompiled user dll's ...
Registered in 0,000346 seconds.
Begin MonoManager ReloadAssembly
Native extension for LinuxStandalone target not found
Refreshing native plugins compatible for Editor in 0,18 ms, found 0 plugins.
Preloading 0 native plugins for Editor in 0,00 ms.
Invoked RoslynAnalysisRunner static constructor.
RoslynAnalysisRunner will not be running.
RoslynAnalysisRunner has terminated.
Mono: successfully reloaded assembly
- Completed reload, in  0,866 seconds
Platform modules already initialized, skipping
Refreshing native plugins compatible for Editor in 0,15 ms, found 0 plugins.
Preloading 0 native plugins for Editor in 0,00 ms.
Unloading 1101 Unused Serialized files (Serialized files now loaded: 0)
System memory in use before: 52,6 MB.
System memory in use after: 52,7 MB.

Unloading 4 unused Assets to reduce memory usage. Loaded Objects now: 1612.
Total: 1,677649 ms (FindLiveObjects: 0,114950 ms CreateObjectMapping: 0,026900 ms MarkObjects: 1,520729 ms  DeleteObjects: 0,014207 ms)

========================================================================
Received Prepare
Registering precompiled user dll's ...
Registered in 0,017852 seconds.
Begin MonoManager ReloadAssembly
Native extension for LinuxStandalone target not found
Refreshing native plugins compatible for Editor in 0,17 ms, found 0 plugins.
Preloading 0 native plugins for Editor in 0,00 ms.
Invoked RoslynAnalysisRunner static constructor.
RoslynAnalysisRunner will not be running.
RoslynAnalysisRunner has terminated.
Mono: successfully reloaded assembly
- Completed reload, in  0,860 seconds
Platform modules already initialized, skipping
Refreshing native plugins compatible for Editor in 0,12 ms, found 0 plugins.
Preloading 0 native plugins for Editor in 0,00 ms.
Unloading 1101 Unused Serialized files (Serialized files now loaded: 0)
System memory in use before: 52,6 MB.
System memory in use after: 52,7 MB.

Unloading 4 unused Assets to reduce memory usage. Loaded Objects now: 1614.
Total: 1,590809 ms (FindLiveObjects: 0,121456 ms CreateObjectMapping: 0,028949 ms MarkObjects: 1,427012 ms  DeleteObjects: 0,012581 ms)

========================================================================
Received Prepare
Registering precompiled user dll's ...
Registered in 0,000300 seconds.
Begin MonoManager ReloadAssembly
Native extension for LinuxStandalone target not found
Refreshing native plugins compatible for Editor in 0,18 ms, found 0 plugins.
Preloading 0 native plugins for Editor in 0,00 ms.
Invoked RoslynAnalysisRunner static constructor.
RoslynAnalysisRunner will not be running.
RoslynAnalysisRunner has terminated.
Mono: successfully reloaded assembly
- Completed reload, in  0,852 seconds
Platform modules already initialized, skipping
Refreshing native plugins compatible for Editor in 0,15 ms, found 0 plugins.
Preloading 0 native plugins for Editor in 0,00 ms.
Unloading 1101 Unused Serialized files (Serialized files now loaded: 0)
System memory in use before: 52,6 MB.
System memory in use after: 52,7 MB.

Unloading 4 unused Assets to reduce memory usage. Loaded Objects now: 1616.
Total: 1,691703 ms (FindLiveObjects: 0,119384 ms CreateObjectMapping: 0,027301 ms MarkObjects: 1,530518 ms  DeleteObjects: 0,013640 ms)

========================================================================
Received Prepare
Registering precompiled user dll's ...
Registered in 0,000306 seconds.
Begin MonoManager ReloadAssembly
Native extension for LinuxStandalone target not found
Refreshing native plugins compatible for Editor in 0,18 ms, found 0 plugins.
Preloading 0 native plugins for Editor in 0,00 ms.
Invoked RoslynAnalysisRunner static constructor.
RoslynAnalysisRunner will not be running.
RoslynAnalysisRunner has terminated.
Mono: successfully reloaded assembly
- Completed reload, in  0,872 seconds
Platform modules already initialized, skipping
Refreshing native plugins compatible for Editor in 0,15 ms, found 0 plugins.
Preloading 0 native plugins for Editor in 0,00 ms.
Unloading 1101 Unused Serialized files (Serialized files now loaded: 0)
System memory in use before: 52,6 MB.
System memory in use after: 52,7 MB.

Unloading 4 unused Assets to reduce memory usage. Loaded Objects now: 1618.
Total: 1,648242 ms (FindLiveObjects: 0,107274 ms CreateObjectMapping: 0,025300 ms MarkObjects: 1,501603 ms  DeleteObjects: 0,013180 ms)

========================================================================
Received Prepare
Registering precompiled user dll's ...
Registered in 0,000283 seconds.
Begin MonoManager ReloadAssembly
Native extension for LinuxStandalone target not found
Refreshing native plugins compatible for Editor in 0,19 ms, found 0 plugins.
Preloading 0 native plugins for Editor in 0,00 ms.
Invoked RoslynAnalysisRunner static constructor.
RoslynAnalysisRunner will not be running.
RoslynAnalysisRunner has terminated.
Mono: successfully reloaded assembly
- Completed reload, in  0,872 seconds
Platform modules already initialized, skipping
Refreshing native plugins compatible for Editor in 0,13 ms, found 0 plugins.
Preloading 0 native plugins for Editor in 0,00 ms.
Unloading 1101 Unused Serialized files (Serialized files now loaded: 0)
System memory in use before: 52,6 MB.
System memory in use after: 52,7 MB.

Unloading 4 unused Assets to reduce memory usage. Loaded Objects now: 1620.
Total: 4,842336 ms (FindLiveObjects: 0,262308 ms CreateObjectMapping: 0,080709 ms MarkObjects: 4,468155 ms  DeleteObjects: 0,028666 ms)

========================================================================
Received Prepare
Registering precompiled user dll's ...
Registered in 0,000401 seconds.
Begin MonoManager ReloadAssembly
Native extension for LinuxStandalone target not found
Refreshing native plugins compatible for Editor in 0,25 ms, found 0 plugins.
Preloading 0 native plugins for Editor in 0,00 ms.
Invoked RoslynAnalysisRunner static constructor.
RoslynAnalysisRunner will not be running.
RoslynAnalysisRunner has terminated.
Mono: successfully reloaded assembly
- Completed reload, in  1,078 seconds
Platform modules already initialized, skipping
Refreshing native plugins compatible for Editor in 0,25 ms, found 0 plugins.
Preloading 0 native plugins for Editor in 0,00 ms.
Unloading 1109 Unused Serialized files (Serialized files now loaded: 0)
System memory in use before: 53,0 MB.
System memory in use after: 53,1 MB.

Unloading 4 unused Assets to reduce memory usage. Loaded Objects now: 1630.
Total: 2,202373 ms (FindLiveObjects: 0,196342 ms CreateObjectMapping: 0,045331 ms MarkObjects: 1,922892 ms  DeleteObjects: 0,035753 ms)

========================================================================
Received Prepare
Registering precompiled user dll's ...
Registered in 0,000324 seconds.
Begin MonoManager ReloadAssembly
Native extension for LinuxStandalone target not found
Refreshing native plugins compatible for Editor in 0,18 ms, found 0 plugins.
Preloading 0 native plugins for Editor in 0,00 ms.
Invoked RoslynAnalysisRunner static constructor.
RoslynAnalysisRunner will not be running.
RoslynAnalysisRunner has terminated.
Mono: successfully reloaded assembly
- Completed reload, in  0,867 seconds
Platform modules already initialized, skipping
Refreshing native plugins compatible for Editor in 0,13 ms, found 0 plugins.
Preloading 0 native plugins for Editor in 0,00 ms.
Unloading 1109 Unused Serialized files (Serialized files now loaded: 0)
System memory in use before: 53,0 MB.
System memory in use after: 53,1 MB.

Unloading 4 unused Assets to reduce memory usage. Loaded Objects now: 1632.
Total: 1,646398 ms (FindLiveObjects: 0,105893 ms CreateObjectMapping: 0,025962 ms MarkObjects: 1,501199 ms  DeleteObjects: 0,012562 ms)

========================================================================
Received Prepare
Registering precompiled user dll's ...
Registered in 0,000329 seconds.
Begin MonoManager ReloadAssembly
Native extension for LinuxStandalone target not found
Refreshing native plugins compatible for Editor in 0,18 ms, found 0 plugins.
Preloading 0 native plugins for Editor in 0,00 ms.
Invoked RoslynAnalysisRunner static constructor.
RoslynAnalysisRunner will not be running.
RoslynAnalysisRunner has terminated.
Mono: successfully reloaded assembly
- Completed reload, in  0,877 seconds
Platform modules already initialized, skipping
Refreshing native plugins compatible for Editor in 0,17 ms, found 0 plugins.
Preloading 0 native plugins for Editor in 0,00 ms.
Unloading 1109 Unused Serialized files (Serialized files now loaded: 0)
System memory in use before: 53,0 MB.
System memory in use after: 53,1 MB.

Unloading 4 unused Assets to reduce memory usage. Loaded Objects now: 1634.
Total: 1,735685 ms (FindLiveObjects: 0,126712 ms CreateObjectMapping: 0,025825 ms MarkObjects: 1,567860 ms  DeleteObjects: 0,014512 ms)

========================================================================
Received Prepare
Registering precompiled user dll's ...
Registered in 0,000349 seconds.
Begin MonoManager ReloadAssembly
Native extension for LinuxStandalone target not found
Refreshing native plugins compatible for Editor in 0,18 ms, found 0 plugins.
Preloading 0 native plugins for Editor in 0,00 ms.
Invoked RoslynAnalysisRunner static constructor.
RoslynAnalysisRunner will not be running.
RoslynAnalysisRunner has terminated.
Mono: successfully reloaded assembly
- Completed reload, in  0,884 seconds
Platform modules already initialized, skipping
Refreshing native plugins compatible for Editor in 0,14 ms, found 0 plugins.
Preloading 0 native plugins for Editor in 0,00 ms.
Unloading 1109 Unused Serialized files (Serialized files now loaded: 0)
System memory in use before: 53,0 MB.
System memory in use after: 53,1 MB.

Unloading 4 unused Assets to reduce memory usage. Loaded Objects now: 1636.
Total: 4,418858 ms (FindLiveObjects: 0,269750 ms CreateObjectMapping: 0,082427 ms MarkObjects: 4,034960 ms  DeleteObjects: 0,029348 ms)

========================================================================
Received Prepare
Registering precompiled user dll's ...
Registered in 0,000327 seconds.
Begin MonoManager ReloadAssembly
Native extension for LinuxStandalone target not found
Refreshing native plugins compatible for Editor in 0,18 ms, found 0 plugins.
Preloading 0 native plugins for Editor in 0,00 ms.
Invoked RoslynAnalysisRunner static constructor.
RoslynAnalysisRunner will not be running.
RoslynAnalysisRunner has terminated.
Mono: successfully reloaded assembly
- Completed reload, in  0,860 seconds
Platform modules already initialized, skipping
Refreshing native plugins compatible for Editor in 0,20 ms, found 0 plugins.
Preloading 0 native plugins for Editor in 0,00 ms.
Unloading 1109 Unused Serialized files (Serialized files now loaded: 0)
System memory in use before: 53,0 MB.
System memory in use after: 53,1 MB.

Unloading 4 unused Assets to reduce memory usage. Loaded Objects now: 1638.
Total: 2,060808 ms (FindLiveObjects: 0,122530 ms CreateObjectMapping: 0,029168 ms MarkObjects: 1,890928 ms  DeleteObjects: 0,017422 ms)

========================================================================
Received Prepare
Registering precompiled user dll's ...
Registered in 0,000312 seconds.
Begin MonoManager ReloadAssembly
Native extension for LinuxStandalone target not found
Refreshing native plugins compatible for Editor in 0,18 ms, found 0 plugins.
Preloading 0 native plugins for Editor in 0,00 ms.
Invoked RoslynAnalysisRunner static constructor.
RoslynAnalysisRunner will not be running.
RoslynAnalysisRunner has terminated.
Mono: successfully reloaded assembly
- Completed reload, in  0,870 seconds
Platform modules already initialized, skipping
Refreshing native plugins compatible for Editor in 0,12 ms, found 0 plugins.
Preloading 0 native plugins for Editor in 0,00 ms.
Unloading 1109 Unused Serialized files (Serialized files now loaded: 0)
System memory in use before: 53,0 MB.
System memory in use after: 53,1 MB.

Unloading 4 unused Assets to reduce memory usage. Loaded Objects now: 1640.
Total: 1,630915 ms (FindLiveObjects: 0,108679 ms CreateObjectMapping: 0,027222 ms MarkObjects: 1,481154 ms  DeleteObjects: 0,013091 ms)

========================================================================
Received Prepare
Registering precompiled user dll's ...
Registered in 0,000356 seconds.
Begin MonoManager ReloadAssembly
Native extension for LinuxStandalone target not found
Refreshing native plugins compatible for Editor in 0,18 ms, found 0 plugins.
Preloading 0 native plugins for Editor in 0,00 ms.
Invoked RoslynAnalysisRunner static constructor.
RoslynAnalysisRunner will not be running.
RoslynAnalysisRunner has terminated.
Mono: successfully reloaded assembly
- Completed reload, in  0,986 seconds
Platform modules already initialized, skipping
Refreshing native plugins compatible for Editor in 0,20 ms, found 0 plugins.
Preloading 0 native plugins for Editor in 0,00 ms.
Unloading 1109 Unused Serialized files (Serialized files now loaded: 0)
System memory in use before: 53,0 MB.
System memory in use after: 53,1 MB.

Unloading 4 unused Assets to reduce memory usage. Loaded Objects now: 1642.
Total: 1,872510 ms (FindLiveObjects: 0,143687 ms CreateObjectMapping: 0,034144 ms MarkObjects: 1,678081 ms  DeleteObjects: 0,015624 ms)

========================================================================
Received Import Request.
  Time since last request: 16669,567627 seconds.
  path: Assets/Fonts
  artifactKey: Guid(97adaeebe9e71f137b756bee6093d549) Importer(815301076,1909f56bfc062723c751e8b465ee728b)
Start importing Assets/Fonts using Guid(97adaeebe9e71f137b756bee6093d549) Importer(815301076,1909f56bfc062723c751e8b465ee728b)  -> (artifact id: 'e515233d9a9276d38b194cb9bfdf0985') in 0,006937 seconds
  Import took 0,035813 seconds .

========================================================================
Received Import Request.
  Time since last request: 13,585876 seconds.
  path: Assets/Fonts/Roboto-Black.ttf
  artifactKey: Guid(c6811f074311999e3bb1359596d0be06) Importer(815301076,1909f56bfc062723c751e8b465ee728b)
Start importing Assets/Fonts/Roboto-Black.ttf using Guid(c6811f074311999e3bb1359596d0be06) Importer(815301076,1909f56bfc062723c751e8b465ee728b)  -> (artifact id: '1893ea5027189814c591b3c9d9899c66') in 0,226611 seconds
  Import took 0,228306 seconds .

========================================================================
Received Import Request.
  Time since last request: 0,000149 seconds.
  path: Assets/Fonts/Roboto-BoldItalic.ttf
  artifactKey: Guid(b2dabd8b635cd852a97c29600859ccdd) Importer(815301076,1909f56bfc062723c751e8b465ee728b)
Start importing Assets/Fonts/Roboto-BoldItalic.ttf using Guid(b2dabd8b635cd852a97c29600859ccdd) Importer(815301076,1909f56bfc062723c751e8b465ee728b)  -> (artifact id: '12f8f0358c16f144e2d0738859b92809') in 0,007307 seconds
  Import took 0,009064 seconds .

========================================================================
Received Import Request.
  Time since last request: 0,000184 seconds.
  path: Assets/Fonts/Roboto-Italic.ttf
  artifactKey: Guid(7e9cb18b7af04f3f49caec368b5571ad) Importer(815301076,1909f56bfc062723c751e8b465ee728b)
Start importing Assets/Fonts/Roboto-Italic.ttf using Guid(7e9cb18b7af04f3f49caec368b5571ad) Importer(815301076,1909f56bfc062723c751e8b465ee728b)  -> (artifact id: '7cf80cf83dfaec24499a66491fddcfbb') in 0,006054 seconds
  Import took 0,007438 seconds .

========================================================================
Received Import Request.
  Time since last request: 0,000179 seconds.
  path: Assets/Fonts/Roboto-Bold.ttf
  artifactKey: Guid(3e01f02d2b42eece7a2092b6f9f29f21) Importer(815301076,1909f56bfc062723c751e8b465ee728b)
Start importing Assets/Fonts/Roboto-Bold.ttf using Guid(3e01f02d2b42eece7a2092b6f9f29f21) Importer(815301076,1909f56bfc062723c751e8b465ee728b)  -> (artifact id: '620270e8e6928f06dcd78e2983465cc4') in 0,009424 seconds
  Import took 0,010780 seconds .

========================================================================
Received Import Request.
  Time since last request: 0,000149 seconds.
  path: Assets/Fonts/Roboto-Light.ttf
  artifactKey: Guid(cebe52cb8f24fffef9bf149fadbcb999) Importer(815301076,1909f56bfc062723c751e8b465ee728b)
Start importing Assets/Fonts/Roboto-Light.ttf using Guid(cebe52cb8f24fffef9bf149fadbcb999) Importer(815301076,1909f56bfc062723c751e8b465ee728b)  -> (artifact id: 'ad7e4dbc276962c56a0b5158a2ab3d1c') in 0,005755 seconds
  Import took 0,007321 seconds .

========================================================================
Received Import Request.
  Time since last request: 0,000213 seconds.
  path: Assets/Fonts/Roboto-LightItalic.ttf
  artifactKey: Guid(e89227a0ab24f8f179dd6e9ea6e146ea) Importer(815301076,1909f56bfc062723c751e8b465ee728b)
Start importing Assets/Fonts/Roboto-LightItalic.ttf using Guid(e89227a0ab24f8f179dd6e9ea6e146ea) Importer(815301076,1909f56bfc062723c751e8b465ee728b)  -> (artifact id: '580636894516c7f54f27bd0652a7db8f') in 0,007510 seconds
  Import took 0,009046 seconds .

========================================================================
Received Import Request.
  Time since last request: 0,000182 seconds.
  path: Assets/Fonts/Roboto-Regular.ttf
  artifactKey: Guid(97f0597964c53ad2f8a3c536d1cc6e36) Importer(815301076,1909f56bfc062723c751e8b465ee728b)
Start importing Assets/Fonts/Roboto-Regular.ttf using Guid(97f0597964c53ad2f8a3c536d1cc6e36) Importer(815301076,1909f56bfc062723c751e8b465ee728b)  -> (artifact id: 'c4c0f789518e78175cde084a52ad1769') in 0,006021 seconds
  Import took 0,007396 seconds .

========================================================================
Received Import Request.
  Time since last request: 0,000173 seconds.
  path: Assets/Fonts/Roboto-MediumItalic.ttf
  artifactKey: Guid(6698e6f300dc4ec9faaa0eb49388bfcd) Importer(815301076,1909f56bfc062723c751e8b465ee728b)
Start importing Assets/Fonts/Roboto-MediumItalic.ttf using Guid(6698e6f300dc4ec9faaa0eb49388bfcd) Importer(815301076,1909f56bfc062723c751e8b465ee728b)  -> (artifact id: 'f8625f4e0cad8c7ba4ae3fd102a44175') in 0,008482 seconds
  Import took 0,009843 seconds .

========================================================================
Received Import Request.
  Time since last request: 0,000201 seconds.
  path: Assets/Fonts/Roboto-Thin.ttf
  artifactKey: Guid(fd9e73c537fc14b669c0f49e643bc9cb) Importer(815301076,1909f56bfc062723c751e8b465ee728b)
Start importing Assets/Fonts/Roboto-Thin.ttf using Guid(fd9e73c537fc14b669c0f49e643bc9cb) Importer(815301076,1909f56bfc062723c751e8b465ee728b)  -> (artifact id: '92eadcb669de4fafedbd781eecbb119f') in 0,005964 seconds
  Import took 0,007362 seconds .

========================================================================
Received Import Request.
  Time since last request: 0,000186 seconds.
  path: Assets/Fonts/Roboto-BlackItalic.ttf
  artifactKey: Guid(06b412891e9f019b3b3ef5874d927e04) Importer(815301076,1909f56bfc062723c751e8b465ee728b)
Start importing Assets/Fonts/Roboto-BlackItalic.ttf using Guid(06b412891e9f019b3b3ef5874d927e04) Importer(815301076,1909f56bfc062723c751e8b465ee728b)  -> (artifact id: '7d89dffd6773d05aed623a3e25c47784') in 0,006800 seconds
  Import took 0,008247 seconds .

========================================================================
Received Import Request.
  Time since last request: 0,000132 seconds.
  path: Assets/Fonts/Roboto-Medium.ttf
  artifactKey: Guid(17c61c531e26e3054970bef8dcfc2f10) Importer(815301076,1909f56bfc062723c751e8b465ee728b)
Start importing Assets/Fonts/Roboto-Medium.ttf using Guid(17c61c531e26e3054970bef8dcfc2f10) Importer(815301076,1909f56bfc062723c751e8b465ee728b)  -> (artifact id: '00ff9c82a5d24f784d815b529069a906') in 0,006239 seconds
  Import took 0,007573 seconds .

========================================================================
Received Import Request.
  Time since last request: 0,000163 seconds.
  path: Assets/Fonts/Roboto-ThinItalic.ttf
  artifactKey: Guid(b1cc60f5fdaa95a3ebc35eba7ccaab2f) Importer(815301076,1909f56bfc062723c751e8b465ee728b)
Start importing Assets/Fonts/Roboto-ThinItalic.ttf using Guid(b1cc60f5fdaa95a3ebc35eba7ccaab2f) Importer(815301076,1909f56bfc062723c751e8b465ee728b)  -> (artifact id: '589512533232f0a44cb167e33725bbde') in 0,006199 seconds
  Import took 0,007556 seconds .

========================================================================
Received Import Request.
  Time since last request: 0,000137 seconds.
  path: Assets/Fonts/Roboto-Medium.ttf
  artifactKey: Guid(17c61c531e26e3054970bef8dcfc2f10) Importer(815301076,1909f56bfc062723c751e8b465ee728b)
Start importing Assets/Fonts/Roboto-Medium.ttf using Guid(17c61c531e26e3054970bef8dcfc2f10) Importer(815301076,1909f56bfc062723c751e8b465ee728b)  -> (artifact id: '00ff9c82a5d24f784d815b529069a906') in 0,005618 seconds
  Import took 0,007001 seconds .

========================================================================
Received Import Request.
  Time since last request: 0,009025 seconds.
  path: Assets/Fonts/Roboto-ThinItalic.ttf
  artifactKey: Guid(b1cc60f5fdaa95a3ebc35eba7ccaab2f) Importer(815301076,1909f56bfc062723c751e8b465ee728b)
Start importing Assets/Fonts/Roboto-ThinItalic.ttf using Guid(b1cc60f5fdaa95a3ebc35eba7ccaab2f) Importer(815301076,1909f56bfc062723c751e8b465ee728b)  -> (artifact id: '589512533232f0a44cb167e33725bbde') in 0,007931 seconds
  Import took 0,009727 seconds .

========================================================================
Received Prepare
Registering precompiled user dll's ...
Registered in 0,000671 seconds.
Begin MonoManager ReloadAssembly
Native extension for LinuxStandalone target not found
Refreshing native plugins compatible for Editor in 0,21 ms, found 0 plugins.
Preloading 0 native plugins for Editor in 0,00 ms.
Invoked RoslynAnalysisRunner static constructor.
RoslynAnalysisRunner will not be running.
RoslynAnalysisRunner has terminated.
Mono: successfully reloaded assembly
- Completed reload, in  0,944 seconds
Platform modules already initialized, skipping
Refreshing native plugins compatible for Editor in 0,22 ms, found 0 plugins.
Preloading 0 native plugins for Editor in 0,00 ms.
Unloading 1109 Unused Serialized files (Serialized files now loaded: 0)
System memory in use before: 53,2 MB.
System memory in use after: 53,3 MB.

Unloading 4 unused Assets to reduce memory usage. Loaded Objects now: 1649.
Total: 2,299721 ms (FindLiveObjects: 0,261769 ms CreateObjectMapping: 0,069245 ms MarkObjects: 1,949987 ms  DeleteObjects: 0,017553 ms)

========================================================================
Received Prepare
Registering precompiled user dll's ...
Registered in 0,000362 seconds.
Begin MonoManager ReloadAssembly
Native extension for LinuxStandalone target not found
Refreshing native plugins compatible for Editor in 0,28 ms, found 0 plugins.
Preloading 0 native plugins for Editor in 0,00 ms.
Invoked RoslynAnalysisRunner static constructor.
RoslynAnalysisRunner will not be running.
RoslynAnalysisRunner has terminated.
Mono: successfully reloaded assembly
- Completed reload, in  0,985 seconds
Platform modules already initialized, skipping
Refreshing native plugins compatible for Editor in 0,19 ms, found 0 plugins.
Preloading 0 native plugins for Editor in 0,00 ms.
Unloading 1110 Unused Serialized files (Serialized files now loaded: 0)
System memory in use before: 53,2 MB.
System memory in use after: 53,3 MB.

Unloading 4 unused Assets to reduce memory usage. Loaded Objects now: 1652.
Total: 1,892398 ms (FindLiveObjects: 0,154566 ms CreateObjectMapping: 0,037134 ms MarkObjects: 1,681382 ms  DeleteObjects: 0,017775 ms)

========================================================================
Received Import Request.
  Time since last request: 128,159283 seconds.
  path: Assets/Score.cs
  artifactKey: Guid(8390b8d1585258467816aef30a5569a8) Importer(815301076,1909f56bfc062723c751e8b465ee728b)
Start importing Assets/Score.cs using Guid(8390b8d1585258467816aef30a5569a8) Importer(815301076,1909f56bfc062723c751e8b465ee728b)  -> (artifact id: 'b198347b642cd26f869b792828178a25') in 0,002707 seconds
  Import took 0,015453 seconds .

========================================================================
Received Import Request.
  Time since last request: 22,817366 seconds.
  path: Assets/Scripts
  artifactKey: Guid(9abeb9801f386d0c7aaa677c41532433) Importer(815301076,1909f56bfc062723c751e8b465ee728b)
Start importing Assets/Scripts using Guid(9abeb9801f386d0c7aaa677c41532433) Importer(815301076,1909f56bfc062723c751e8b465ee728b)  -> (artifact id: '794a11e908688eba18b373c545efe616') in 0,000560 seconds
  Import took 0,002183 seconds .

========================================================================
Received Import Request.
  Time since last request: 89,644029 seconds.
  path: Assets/Scripts/Score.cs
  artifactKey: Guid(8390b8d1585258467816aef30a5569a8) Importer(815301076,1909f56bfc062723c751e8b465ee728b)
Start importing Assets/Scripts/Score.cs using Guid(8390b8d1585258467816aef30a5569a8) Importer(815301076,1909f56bfc062723c751e8b465ee728b)  -> (artifact id: '5748825227f6f70f6d1a636c021410d3') in 0,000548 seconds
  Import took 0,002261 seconds .

========================================================================
Received Import Request.
  Time since last request: 0,002516 seconds.
  path: Assets/Scripts/Score.cs
  artifactKey: Guid(8390b8d1585258467816aef30a5569a8) Importer(815301076,1909f56bfc062723c751e8b465ee728b)
Start importing Assets/Scripts/Score.cs using Guid(8390b8d1585258467816aef30a5569a8) Importer(815301076,1909f56bfc062723c751e8b465ee728b)  -> (artifact id: '5748825227f6f70f6d1a636c021410d3') in 0,000566 seconds
  Import took 0,002217 seconds .

========================================================================
Received Prepare
Registering precompiled user dll's ...
Registered in 0,000349 seconds.
Begin MonoManager ReloadAssembly
Native extension for LinuxStandalone target not found
Refreshing native plugins compatible for Editor in 0,18 ms, found 0 plugins.
Preloading 0 native plugins for Editor in 0,00 ms.
Invoked RoslynAnalysisRunner static constructor.
RoslynAnalysisRunner will not be running.
RoslynAnalysisRunner has terminated.
Mono: successfully reloaded assembly
- Completed reload, in  0,883 seconds
Platform modules already initialized, skipping
Refreshing native plugins compatible for Editor in 0,15 ms, found 0 plugins.
Preloading 0 native plugins for Editor in 0,00 ms.
Unloading 1110 Unused Serialized files (Serialized files now loaded: 0)
System memory in use before: 53,2 MB.
System memory in use after: 53,3 MB.

Unloading 4 unused Assets to reduce memory usage. Loaded Objects now: 1654.
Total: 1,713281 ms (FindLiveObjects: 0,124386 ms CreateObjectMapping: 0,026393 ms MarkObjects: 1,548724 ms  DeleteObjects: 0,012930 ms)

========================================================================
Received Prepare
Registering precompiled user dll's ...
Registered in 0,000432 seconds.
Begin MonoManager ReloadAssembly
Native extension for LinuxStandalone target not found
Refreshing native plugins compatible for Editor in 0,17 ms, found 0 plugins.
Preloading 0 native plugins for Editor in 0,00 ms.
Invoked RoslynAnalysisRunner static constructor.
RoslynAnalysisRunner will not be running.
RoslynAnalysisRunner has terminated.
Mono: successfully reloaded assembly
- Completed reload, in  0,872 seconds
Platform modules already initialized, skipping
Refreshing native plugins compatible for Editor in 0,14 ms, found 0 plugins.
Preloading 0 native plugins for Editor in 0,00 ms.
Unloading 1110 Unused Serialized files (Serialized files now loaded: 0)
System memory in use before: 53,2 MB.
System memory in use after: 53,3 MB.

Unloading 4 unused Assets to reduce memory usage. Loaded Objects now: 1656.
Total: 1,681315 ms (FindLiveObjects: 0,123228 ms CreateObjectMapping: 0,025935 ms MarkObjects: 1,518231 ms  DeleteObjects: 0,012968 ms)

========================================================================
Received Prepare
Registering precompiled user dll's ...
Registered in 0,000359 seconds.
Begin MonoManager ReloadAssembly
Native extension for LinuxStandalone target not found
Refreshing native plugins compatible for Editor in 0,18 ms, found 0 plugins.
Preloading 0 native plugins for Editor in 0,00 ms.
Invoked RoslynAnalysisRunner static constructor.
RoslynAnalysisRunner will not be running.
RoslynAnalysisRunner has terminated.
Mono: successfully reloaded assembly
- Completed reload, in  0,882 seconds
Platform modules already initialized, skipping
Refreshing native plugins compatible for Editor in 0,17 ms, found 0 plugins.
Preloading 0 native plugins for Editor in 0,00 ms.
Unloading 1110 Unused Serialized files (Serialized files now loaded: 0)
System memory in use before: 53,2 MB.
System memory in use after: 53,3 MB.

Unloading 4 unused Assets to reduce memory usage. Loaded Objects now: 1658.
Total: 1,706988 ms (FindLiveObjects: 0,131930 ms CreateObjectMapping: 0,030676 ms MarkObjects: 1,529122 ms  DeleteObjects: 0,014175 ms)

========================================================================
Received Prepare
Registering precompiled user dll's ...
Registered in 0,000336 seconds.
Begin MonoManager ReloadAssembly
Native extension for LinuxStandalone target not found
Refreshing native plugins compatible for Editor in 0,29 ms, found 0 plugins.
Preloading 0 native plugins for Editor in 0,00 ms.
Invoked RoslynAnalysisRunner static constructor.
RoslynAnalysisRunner will not be running.
RoslynAnalysisRunner has terminated.
Mono: successfully reloaded assembly
- Completed reload, in  0,995 seconds
Platform modules already initialized, skipping
Refreshing native plugins compatible for Editor in 0,35 ms, found 0 plugins.
Preloading 0 native plugins for Editor in 0,00 ms.
Unloading 1110 Unused Serialized files (Serialized files now loaded: 0)
System memory in use before: 53,2 MB.
System memory in use after: 53,3 MB.

Unloading 4 unused Assets to reduce memory usage. Loaded Objects now: 1660.
Total: 2,015019 ms (FindLiveObjects: 0,131281 ms CreateObjectMapping: 0,028893 ms MarkObjects: 1,813474 ms  DeleteObjects: 0,040349 ms)

========================================================================
Received Prepare
Registering precompiled user dll's ...
Registered in 0,000407 seconds.
Begin MonoManager ReloadAssembly
Native extension for LinuxStandalone target not found
Refreshing native plugins compatible for Editor in 0,19 ms, found 0 plugins.
Preloading 0 native plugins for Editor in 0,00 ms.
Invoked RoslynAnalysisRunner static constructor.
RoslynAnalysisRunner will not be running.
RoslynAnalysisRunner has terminated.
Mono: successfully reloaded assembly
- Completed reload, in  1,067 seconds
Platform modules already initialized, skipping
Refreshing native plugins compatible for Editor in 0,23 ms, found 0 plugins.
Preloading 0 native plugins for Editor in 0,00 ms.
Unloading 1111 Unused Serialized files (Serialized files now loaded: 0)
System memory in use before: 53,2 MB.
System memory in use after: 53,3 MB.

Unloading 4 unused Assets to reduce memory usage. Loaded Objects now: 1663.
Total: 6,439600 ms (FindLiveObjects: 0,434144 ms CreateObjectMapping: 0,150939 ms MarkObjects: 5,815879 ms  DeleteObjects: 0,035740 ms)

========================================================================
Received Import Request.
  Time since last request: 737,528327 seconds.
  path: Assets/GameManager.cs
  artifactKey: Guid(a203ebd96b3206d7d838e3f8a7d1a3eb) Importer(815301076,1909f56bfc062723c751e8b465ee728b)
Start importing Assets/GameManager.cs using Guid(a203ebd96b3206d7d838e3f8a7d1a3eb) Importer(815301076,1909f56bfc062723c751e8b465ee728b)  -> (artifact id: 'dbee33ce50fc9f54defcdd98bd222576') in 0,002301 seconds
  Import took 0,031676 seconds .

========================================================================
Received Prepare
Registering precompiled user dll's ...
Registered in 0,000454 seconds.
Begin MonoManager ReloadAssembly
Native extension for LinuxStandalone target not found
Refreshing native plugins compatible for Editor in 0,18 ms, found 0 plugins.
Preloading 0 native plugins for Editor in 0,00 ms.
Invoked RoslynAnalysisRunner static constructor.
RoslynAnalysisRunner will not be running.
RoslynAnalysisRunner has terminated.
Mono: successfully reloaded assembly
- Completed reload, in  0,906 seconds
Platform modules already initialized, skipping
Refreshing native plugins compatible for Editor in 0,14 ms, found 0 plugins.
Preloading 0 native plugins for Editor in 0,00 ms.
Unloading 1111 Unused Serialized files (Serialized files now loaded: 0)
System memory in use before: 53,3 MB.
System memory in use after: 53,3 MB.

Unloading 4 unused Assets to reduce memory usage. Loaded Objects now: 1665.
Total: 1,637350 ms (FindLiveObjects: 0,108455 ms CreateObjectMapping: 0,026069 ms MarkObjects: 1,488262 ms  DeleteObjects: 0,013324 ms)

========================================================================
Received Prepare
Registering precompiled user dll's ...
Registered in 0,000302 seconds.
Begin MonoManager ReloadAssembly
Native extension for LinuxStandalone target not found
Refreshing native plugins compatible for Editor in 0,18 ms, found 0 plugins.
Preloading 0 native plugins for Editor in 0,00 ms.
Invoked RoslynAnalysisRunner static constructor.
RoslynAnalysisRunner will not be running.
RoslynAnalysisRunner has terminated.
Mono: successfully reloaded assembly
- Completed reload, in  0,887 seconds
Platform modules already initialized, skipping
Refreshing native plugins compatible for Editor in 0,14 ms, found 0 plugins.
Preloading 0 native plugins for Editor in 0,00 ms.
Unloading 1111 Unused Serialized files (Serialized files now loaded: 0)
System memory in use before: 53,3 MB.
System memory in use after: 53,3 MB.

Unloading 4 unused Assets to reduce memory usage. Loaded Objects now: 1667.
Total: 1,703319 ms (FindLiveObjects: 0,122699 ms CreateObjectMapping: 0,025423 ms MarkObjects: 1,541427 ms  DeleteObjects: 0,012881 ms)

========================================================================
Received Import Request.
  Time since last request: 1099,313775 seconds.
  path: Assets/Scripts/GameManager.cs
  artifactKey: Guid(a203ebd96b3206d7d838e3f8a7d1a3eb) Importer(815301076,1909f56bfc062723c751e8b465ee728b)
Start importing Assets/Scripts/GameManager.cs using Guid(a203ebd96b3206d7d838e3f8a7d1a3eb) Importer(815301076,1909f56bfc062723c751e8b465ee728b)  -> (artifact id: '3e312faa1388deb936a0bd9f6174b730') in 0,002013 seconds
  Import took 0,068129 seconds .

========================================================================
Received Import Request.
  Time since last request: 1,097445 seconds.
  path: Assets/Scripts/PlayerMovement.cs
  artifactKey: Guid(054ddb57d92e4f9378ef868632742cdf) Importer(815301076,1909f56bfc062723c751e8b465ee728b)
Start importing Assets/Scripts/PlayerMovement.cs using Guid(054ddb57d92e4f9378ef868632742cdf) Importer(815301076,1909f56bfc062723c751e8b465ee728b)  -> (artifact id: '1fe040ee869300c0eccbdd54e26fa487') in 0,000613 seconds
  Import took 0,002336 seconds .

========================================================================
Received Import Request.
  Time since last request: 0,001946 seconds.
  path: Assets/Scripts/PlayerMovement.cs
  artifactKey: Guid(054ddb57d92e4f9378ef868632742cdf) Importer(815301076,1909f56bfc062723c751e8b465ee728b)
Start importing Assets/Scripts/PlayerMovement.cs using Guid(054ddb57d92e4f9378ef868632742cdf) Importer(815301076,1909f56bfc062723c751e8b465ee728b)  -> (artifact id: '1fe040ee869300c0eccbdd54e26fa487') in 0,000572 seconds
  Import took 0,001995 seconds .

========================================================================
Received Import Request.
  Time since last request: 9,822931 seconds.
  path: Assets/Scripts/PlayerCollision.cs
  artifactKey: Guid(6792d687ad685c35ca571f6063e04bd3) Importer(815301076,1909f56bfc062723c751e8b465ee728b)
Start importing Assets/Scripts/PlayerCollision.cs using Guid(6792d687ad685c35ca571f6063e04bd3) Importer(815301076,1909f56bfc062723c751e8b465ee728b)  -> (artifact id: 'de9d5e8838d3f5c24ad426326bffb365') in 0,000525 seconds
  Import took 0,001978 seconds .

========================================================================
Received Import Request.
  Time since last request: 0,000701 seconds.
  path: Assets/Scripts/PlayerCollision.cs
  artifactKey: Guid(6792d687ad685c35ca571f6063e04bd3) Importer(815301076,1909f56bfc062723c751e8b465ee728b)
Start importing Assets/Scripts/PlayerCollision.cs using Guid(6792d687ad685c35ca571f6063e04bd3) Importer(815301076,1909f56bfc062723c751e8b465ee728b)  -> (artifact id: 'de9d5e8838d3f5c24ad426326bffb365') in 0,000452 seconds
  Import took 0,001532 seconds .

========================================================================
Received Prepare
Registering precompiled user dll's ...
Registered in 0,000290 seconds.
Begin MonoManager ReloadAssembly
Native extension for LinuxStandalone target not found
Refreshing native plugins compatible for Editor in 0,18 ms, found 0 plugins.
Preloading 0 native plugins for Editor in 0,00 ms.
Invoked RoslynAnalysisRunner static constructor.
RoslynAnalysisRunner will not be running.
RoslynAnalysisRunner has terminated.
Mono: successfully reloaded assembly
- Completed reload, in  0,901 seconds
Platform modules already initialized, skipping
Refreshing native plugins compatible for Editor in 0,15 ms, found 0 plugins.
Preloading 0 native plugins for Editor in 0,00 ms.
Unloading 1111 Unused Serialized files (Serialized files now loaded: 0)
System memory in use before: 53,3 MB.
System memory in use after: 53,3 MB.

Unloading 4 unused Assets to reduce memory usage. Loaded Objects now: 1669.
Total: 1,634546 ms (FindLiveObjects: 0,124479 ms CreateObjectMapping: 0,026578 ms MarkObjects: 1,469132 ms  DeleteObjects: 0,013477 ms)

========================================================================
Received Import Request.
  Time since last request: 173,666481 seconds.
  path: Assets/Scripts/PlayerCollision.cs
  artifactKey: Guid(6792d687ad685c35ca571f6063e04bd3) Importer(815301076,1909f56bfc062723c751e8b465ee728b)
Start importing Assets/Scripts/PlayerCollision.cs using Guid(6792d687ad685c35ca571f6063e04bd3) Importer(815301076,1909f56bfc062723c751e8b465ee728b)  -> (artifact id: 'feee5ba44213e5be2be8638f4f6ebfaf') in 0,001986 seconds
  Import took 0,018696 seconds .

========================================================================
Received Prepare
Registering precompiled user dll's ...
Registered in 0,000361 seconds.
Begin MonoManager ReloadAssembly
Native extension for LinuxStandalone target not found
Refreshing native plugins compatible for Editor in 0,20 ms, found 0 plugins.
Preloading 0 native plugins for Editor in 0,00 ms.
Invoked RoslynAnalysisRunner static constructor.
RoslynAnalysisRunner will not be running.
RoslynAnalysisRunner has terminated.
Mono: successfully reloaded assembly
- Completed reload, in  0,863 seconds
Platform modules already initialized, skipping
Refreshing native plugins compatible for Editor in 0,14 ms, found 0 plugins.
Preloading 0 native plugins for Editor in 0,00 ms.
Unloading 1111 Unused Serialized files (Serialized files now loaded: 0)
System memory in use before: 53,3 MB.
System memory in use after: 53,4 MB.

Unloading 4 unused Assets to reduce memory usage. Loaded Objects now: 1671.
Total: 1,724681 ms (FindLiveObjects: 0,124991 ms CreateObjectMapping: 0,028754 ms MarkObjects: 1,556930 ms  DeleteObjects: 0,013167 ms)

========================================================================
Received Prepare
Registering precompiled user dll's ...
Registered in 0,000304 seconds.
Begin MonoManager ReloadAssembly
Native extension for LinuxStandalone target not found
Refreshing native plugins compatible for Editor in 0,20 ms, found 0 plugins.
Preloading 0 native plugins for Editor in 0,00 ms.
Invoked RoslynAnalysisRunner static constructor.
RoslynAnalysisRunner will not be running.
RoslynAnalysisRunner has terminated.
Mono: successfully reloaded assembly
- Completed reload, in  0,877 seconds
Platform modules already initialized, skipping
Refreshing native plugins compatible for Editor in 0,17 ms, found 0 plugins.
Preloading 0 native plugins for Editor in 0,00 ms.
Unloading 1111 Unused Serialized files (Serialized files now loaded: 0)
System memory in use before: 53,3 MB.
System memory in use after: 53,4 MB.

Unloading 4 unused Assets to reduce memory usage. Loaded Objects now: 1673.
Total: 1,673968 ms (FindLiveObjects: 0,123202 ms CreateObjectMapping: 0,025938 ms MarkObjects: 1,510626 ms  DeleteObjects: 0,013293 ms)

========================================================================
Received Prepare
Registering precompiled user dll's ...
Registered in 0,000497 seconds.
Begin MonoManager ReloadAssembly
Native extension for LinuxStandalone target not found
Refreshing native plugins compatible for Editor in 0,19 ms, found 0 plugins.
Preloading 0 native plugins for Editor in 0,00 ms.
Invoked RoslynAnalysisRunner static constructor.
RoslynAnalysisRunner will not be running.
RoslynAnalysisRunner has terminated.
Mono: successfully reloaded assembly
- Completed reload, in  0,881 seconds
Platform modules already initialized, skipping
Refreshing native plugins compatible for Editor in 0,14 ms, found 0 plugins.
Preloading 0 native plugins for Editor in 0,00 ms.
Unloading 1111 Unused Serialized files (Serialized files now loaded: 0)
System memory in use before: 53,3 MB.
System memory in use after: 53,4 MB.

Unloading 4 unused Assets to reduce memory usage. Loaded Objects now: 1675.
Total: 1,696719 ms (FindLiveObjects: 0,107610 ms CreateObjectMapping: 0,024864 ms MarkObjects: 1,550389 ms  DeleteObjects: 0,013065 ms)

========================================================================
Received Prepare
Registering precompiled user dll's ...
Registered in 0,000315 seconds.
Begin MonoManager ReloadAssembly
Native extension for LinuxStandalone target not found
Refreshing native plugins compatible for Editor in 0,18 ms, found 0 plugins.
Preloading 0 native plugins for Editor in 0,00 ms.
Invoked RoslynAnalysisRunner static constructor.
RoslynAnalysisRunner will not be running.
RoslynAnalysisRunner has terminated.
Mono: successfully reloaded assembly
- Completed reload, in  0,865 seconds
Platform modules already initialized, skipping
Refreshing native plugins compatible for Editor in 0,13 ms, found 0 plugins.
Preloading 0 native plugins for Editor in 0,00 ms.
Unloading 1111 Unused Serialized files (Serialized files now loaded: 0)
System memory in use before: 53,3 MB.
System memory in use after: 53,4 MB.

Unloading 4 unused Assets to reduce memory usage. Loaded Objects now: 1677.
Total: 1,614904 ms (FindLiveObjects: 0,109194 ms CreateObjectMapping: 0,025705 ms MarkObjects: 1,466138 ms  DeleteObjects: 0,013077 ms)

========================================================================
Received Prepare
Registering precompiled user dll's ...
Registered in 0,000349 seconds.
Begin MonoManager ReloadAssembly
Native extension for LinuxStandalone target not found
Refreshing native plugins compatible for Editor in 0,19 ms, found 0 plugins.
Preloading 0 native plugins for Editor in 0,00 ms.
Invoked RoslynAnalysisRunner static constructor.
RoslynAnalysisRunner will not be running.
RoslynAnalysisRunner has terminated.
Mono: successfully reloaded assembly
- Completed reload, in  0,877 seconds
Platform modules already initialized, skipping
Refreshing native plugins compatible for Editor in 0,18 ms, found 0 plugins.
Preloading 0 native plugins for Editor in 0,00 ms.
Unloading 1111 Unused Serialized files (Serialized files now loaded: 0)
System memory in use before: 53,3 MB.
System memory in use after: 53,4 MB.

Unloading 4 unused Assets to reduce memory usage. Loaded Objects now: 1679.
Total: 1,717387 ms (FindLiveObjects: 0,126050 ms CreateObjectMapping: 0,026355 ms MarkObjects: 1,551398 ms  DeleteObjects: 0,012855 ms)

========================================================================
Received Prepare
Registering precompiled user dll's ...
Registered in 0,000305 seconds.
Begin MonoManager ReloadAssembly
Native extension for LinuxStandalone target not found
Refreshing native plugins compatible for Editor in 0,18 ms, found 0 plugins.
Preloading 0 native plugins for Editor in 0,00 ms.
Invoked RoslynAnalysisRunner static constructor.
RoslynAnalysisRunner will not be running.
RoslynAnalysisRunner has terminated.
Mono: successfully reloaded assembly
- Completed reload, in  0,868 seconds
Platform modules already initialized, skipping
Refreshing native plugins compatible for Editor in 0,15 ms, found 0 plugins.
Preloading 0 native plugins for Editor in 0,00 ms.
Unloading 1111 Unused Serialized files (Serialized files now loaded: 0)
System memory in use before: 53,3 MB.
System memory in use after: 53,4 MB.

Unloading 4 unused Assets to reduce memory usage. Loaded Objects now: 1681.
Total: 1,641194 ms (FindLiveObjects: 0,125446 ms CreateObjectMapping: 0,025570 ms MarkObjects: 1,472064 ms  DeleteObjects: 0,017107 ms)

========================================================================
Received Import Request.
  Time since last request: 865,625108 seconds.
  path: Assets/Scripts/GameManager.cs
  artifactKey: Guid(a203ebd96b3206d7d838e3f8a7d1a3eb) Importer(815301076,1909f56bfc062723c751e8b465ee728b)
Start importing Assets/Scripts/GameManager.cs using Guid(a203ebd96b3206d7d838e3f8a7d1a3eb) Importer(815301076,1909f56bfc062723c751e8b465ee728b)  -> (artifact id: 'a7606cd8527993d9fe1e51b3b46f1c69') in 0,002095 seconds
  Import took 0,003603 seconds .

========================================================================
Received Import Request.
  Time since last request: 0,001173 seconds.
  path: Assets/Scripts/GameManager.cs
  artifactKey: Guid(a203ebd96b3206d7d838e3f8a7d1a3eb) Importer(815301076,1909f56bfc062723c751e8b465ee728b)
Start importing Assets/Scripts/GameManager.cs using Guid(a203ebd96b3206d7d838e3f8a7d1a3eb) Importer(815301076,1909f56bfc062723c751e8b465ee728b)  -> (artifact id: 'a7606cd8527993d9fe1e51b3b46f1c69') in 0,000467 seconds
  Import took 0,001610 seconds .

========================================================================
Received Prepare
Registering precompiled user dll's ...
Registered in 0,000342 seconds.
Begin MonoManager ReloadAssembly
Native extension for LinuxStandalone target not found
Refreshing native plugins compatible for Editor in 0,19 ms, found 0 plugins.
Preloading 0 native plugins for Editor in 0,00 ms.
Invoked RoslynAnalysisRunner static constructor.
RoslynAnalysisRunner will not be running.
RoslynAnalysisRunner has terminated.
Mono: successfully reloaded assembly
- Completed reload, in  0,933 seconds
Platform modules already initialized, skipping
Refreshing native plugins compatible for Editor in 0,18 ms, found 0 plugins.
Preloading 0 native plugins for Editor in 0,00 ms.
Unloading 1111 Unused Serialized files (Serialized files now loaded: 0)
System memory in use before: 53,3 MB.
System memory in use after: 53,4 MB.

Unloading 4 unused Assets to reduce memory usage. Loaded Objects now: 1683.
Total: 2,023375 ms (FindLiveObjects: 0,167051 ms CreateObjectMapping: 0,039209 ms MarkObjects: 1,797636 ms  DeleteObjects: 0,018422 ms)

========================================================================
Received Import Request.
  Time since last request: 157,459021 seconds.
  path: Assets/Scenes/Level01.unity
  artifactKey: Guid(60b9e86f627492bdaa97243000fcdcb1) Importer(815301076,1909f56bfc062723c751e8b465ee728b)
Start importing Assets/Scenes/Level01.unity using Guid(60b9e86f627492bdaa97243000fcdcb1) Importer(815301076,1909f56bfc062723c751e8b465ee728b)  -> (artifact id: 'f8cc0f784442c40213ad0c0f16d1cc1d') in 0,007660 seconds
  Import took 0,009483 seconds .

========================================================================
Received Prepare
Registering precompiled user dll's ...
Registered in 0,000301 seconds.
Begin MonoManager ReloadAssembly
Native extension for LinuxStandalone target not found
Refreshing native plugins compatible for Editor in 0,18 ms, found 0 plugins.
Preloading 0 native plugins for Editor in 0,00 ms.
Invoked RoslynAnalysisRunner static constructor.
RoslynAnalysisRunner will not be running.
RoslynAnalysisRunner has terminated.
Mono: successfully reloaded assembly
- Completed reload, in  0,897 seconds
Platform modules already initialized, skipping
Refreshing native plugins compatible for Editor in 0,18 ms, found 0 plugins.
Preloading 0 native plugins for Editor in 0,00 ms.
Unloading 1111 Unused Serialized files (Serialized files now loaded: 0)
System memory in use before: 53,3 MB.
System memory in use after: 53,4 MB.

Unloading 4 unused Assets to reduce memory usage. Loaded Objects now: 1685.
Total: 1,705189 ms (FindLiveObjects: 0,114576 ms CreateObjectMapping: 0,027223 ms MarkObjects: 1,548303 ms  DeleteObjects: 0,014214 ms)

========================================================================
Received Prepare
Registering precompiled user dll's ...
Registered in 0,000308 seconds.
Begin MonoManager ReloadAssembly
Native extension for LinuxStandalone target not found
Refreshing native plugins compatible for Editor in 0,24 ms, found 0 plugins.
Preloading 0 native plugins for Editor in 0,00 ms.
Invoked RoslynAnalysisRunner static constructor.
RoslynAnalysisRunner will not be running.
RoslynAnalysisRunner has terminated.
Mono: successfully reloaded assembly
- Completed reload, in  0,944 seconds
Platform modules already initialized, skipping
Refreshing native plugins compatible for Editor in 0,18 ms, found 0 plugins.
Preloading 0 native plugins for Editor in 0,00 ms.
Unloading 1111 Unused Serialized files (Serialized files now loaded: 0)
System memory in use before: 53,3 MB.
System memory in use after: 53,4 MB.

Unloading 4 unused Assets to reduce memory usage. Loaded Objects now: 1687.
Total: 2,017182 ms (FindLiveObjects: 0,189190 ms CreateObjectMapping: 0,038045 ms MarkObjects: 1,773181 ms  DeleteObjects: 0,015786 ms)

========================================================================
Received Prepare
Registering precompiled user dll's ...
Registered in 0,000326 seconds.
Begin MonoManager ReloadAssembly
Native extension for LinuxStandalone target not found
Refreshing native plugins compatible for Editor in 0,19 ms, found 0 plugins.
Preloading 0 native plugins for Editor in 0,00 ms.
Invoked RoslynAnalysisRunner static constructor.
RoslynAnalysisRunner will not be running.
RoslynAnalysisRunner has terminated.
Mono: successfully reloaded assembly
- Completed reload, in  0,864 seconds
Platform modules already initialized, skipping
Refreshing native plugins compatible for Editor in 0,17 ms, found 0 plugins.
Preloading 0 native plugins for Editor in 0,00 ms.
Unloading 1111 Unused Serialized files (Serialized files now loaded: 0)
System memory in use before: 53,3 MB.
System memory in use after: 53,4 MB.

Unloading 4 unused Assets to reduce memory usage. Loaded Objects now: 1689.
Total: 1,835750 ms (FindLiveObjects: 0,121415 ms CreateObjectMapping: 0,029133 ms MarkObjects: 1,668284 ms  DeleteObjects: 0,015655 ms)

========================================================================
Received Prepare
Registering precompiled user dll's ...
Registered in 0,000373 seconds.
Begin MonoManager ReloadAssembly
Native extension for LinuxStandalone target not found
Refreshing native plugins compatible for Editor in 0,19 ms, found 0 plugins.
Preloading 0 native plugins for Editor in 0,00 ms.
Invoked RoslynAnalysisRunner static constructor.
RoslynAnalysisRunner will not be running.
RoslynAnalysisRunner has terminated.
Mono: successfully reloaded assembly
- Completed reload, in  0,923 seconds
Platform modules already initialized, skipping
Refreshing native plugins compatible for Editor in 0,18 ms, found 0 plugins.
Preloading 0 native plugins for Editor in 0,00 ms.
Unloading 1111 Unused Serialized files (Serialized files now loaded: 0)
System memory in use before: 53,3 MB.
System memory in use after: 53,4 MB.

Unloading 4 unused Assets to reduce memory usage. Loaded Objects now: 1691.
Total: 1,813076 ms (FindLiveObjects: 0,164932 ms CreateObjectMapping: 0,044833 ms MarkObjects: 1,585782 ms  DeleteObjects: 0,016560 ms)

========================================================================
Received Prepare
Registering precompiled user dll's ...
Registered in 0,000295 seconds.
Begin MonoManager ReloadAssembly
Native extension for LinuxStandalone target not found
Refreshing native plugins compatible for Editor in 0,18 ms, found 0 plugins.
Preloading 0 native plugins for Editor in 0,00 ms.
Invoked RoslynAnalysisRunner static constructor.
RoslynAnalysisRunner will not be running.
RoslynAnalysisRunner has terminated.
Mono: successfully reloaded assembly
- Completed reload, in  0,892 seconds
Platform modules already initialized, skipping
Refreshing native plugins compatible for Editor in 0,20 ms, found 0 plugins.
Preloading 0 native plugins for Editor in 0,00 ms.
Unloading 1111 Unused Serialized files (Serialized files now loaded: 0)
System memory in use before: 53,3 MB.
System memory in use after: 53,4 MB.

Unloading 4 unused Assets to reduce memory usage. Loaded Objects now: 1693.
Total: 2,143343 ms (FindLiveObjects: 0,145282 ms CreateObjectMapping: 0,033340 ms MarkObjects: 1,947439 ms  DeleteObjects: 0,016180 ms)

AssetImportWorkerClient::OnTransportError - code=2 error=End of file
