Using pre-set license
Desktop is 3440 x 1440 @ 60 Hz

 COMMAND LINE ARGUMENTS:
Unity
-adb2
-batchMode
-noUpm
-name
AssetImportWorker0
-projectPath
/home/felipe/Github/Unity/Unity_BASICS
-logFile
Logs/AssetImportWorker0.log
-srvPort
37825
Successfully changed project path to: /home/felipe/Github/Unity/Unity_BASICS
/home/felipe/Github/Unity/Unity_BASICS
Using Asset Import Pipeline V2.
Refreshing native plugins compatible for Editor in 17,43 ms, found 0 plugins.
Preloading 0 native plugins for Editor in 0,00 ms.
Initialize engine version: 2020.2.6f1 (8a2143876886)
[Subsystems] Discovering subsystems at path /media/felipe/DATA/Unity_Linux/2020.2.6f1/Editor/Data/Resources/UnitySubsystems
[Subsystems] Discovering subsystems at path /home/felipe/Github/Unity/Unity_BASICS/Assets
GLX Extensions: GLX_EXT_visual_info GLX_EXT_visual_rating GLX_EXT_import_context GLX_SGIX_fbconfig GLX_SGIX_pbuffer GLX_SGI_video_sync GLX_SGI_swap_control GLX_EXT_swap_control GLX_EXT_swap_control_tear GLX_EXT_texture_from_pixmap GLX_EXT_buffer_age GLX_ARB_create_context GLX_ARB_create_context_profile GLX_EXT_create_context_es_profile GLX_EXT_create_context_es2_profile GLX_ARB_create_context_no_error GLX_ARB_create_context_robustness GLX_NV_delay_before_swap GLX_EXT_stereo_tree GLX_ARB_context_flush_control GLX_NV_robustness_video_memory_purge GLX_NV_multigpu_context GLX_ARB_multisample GLX_NV_float_buffer GLX_ARB_fbconfig_float GLX_EXT_framebuffer_sRGB GLX_NV_copy_image GLX_ARB_get_proc_address 
Renderer: GeForce GTX 1060 6GB/PCIe/SSE2
Vendor:   NVIDIA Corporation
Version:  4.5.0 NVIDIA 455.23.05
GLES:     0
 GL_AMD_multi_draw_indirect GL_AMD_seamless_cubemap_per_texture GL_AMD_vertex_shader_viewport_index GL_AMD_vertex_shader_layer GL_ARB_arrays_of_arrays GL_ARB_base_instance GL_ARB_bindless_texture GL_ARB_blend_func_extended GL_ARB_buffer_storage GL_ARB_clear_buffer_object GL_ARB_clear_texture GL_ARB_clip_control GL_ARB_color_buffer_float GL_ARB_compressed_texture_pixel_storage GL_ARB_conservative_depth GL_ARB_compute_shader GL_ARB_compute_variable_group_size GL_ARB_conditional_render_inverted GL_ARB_copy_buffer GL_ARB_copy_image GL_ARB_cull_distance GL_ARB_debug_output GL_ARB_depth_buffer_float GL_ARB_depth_clamp GL_ARB_depth_texture GL_ARB_derivative_control GL_ARB_direct_state_access GL_ARB_draw_buffers GL_ARB_draw_buffers_blend GL_ARB_draw_indirect GL_ARB_draw_elements_base_vertex GL_ARB_draw_instanced GL_ARB_enhanced_layouts GL_ARB_ES2_compatibility GL_ARB_ES3_compatibility GL_ARB_ES3_1_compatibility GL_ARB_ES3_2_compatibility GL_ARB_explicit_attrib_location GL_ARB_explicit_uniform_location GL_ARB_fragmen
t_coord_conventions GL_ARB_fragment_layer_viewport GL_ARB_fragment_program GL_ARB_fragment_program_shadow GL_ARB_fragment_shader GL_ARB_fragment_shader_interlock GL_ARB_framebuffer_no_attachments GL_ARB_framebuffer_object GL_ARB_framebuffer_sRGB GL_ARB_geometry_shader4 GL_ARB_get_program_binary GL_ARB_get_texture_sub_image GL_ARB_gl_spirv GL_ARB_gpu_shader5 GL_ARB_gpu_shader_fp64 GL_ARB_gpu_shader_int64 GL_ARB_half_float_pixel GL_ARB_half_float_vertex GL_ARB_imaging GL_ARB_indirect_parameters GL_ARB_instanced_arrays GL_ARB_internalformat_query GL_ARB_internalformat_query2 GL_ARB_invalidate_subdata GL_ARB_map_buffer_alignment GL_ARB_map_buffer_range GL_ARB_multi_bind GL_ARB_multi_draw_indirect GL_ARB_multisample GL_ARB_multitexture GL_ARB_occlusion_query GL_ARB_occlusion_query2 GL_ARB_parallel_shader_compile GL_ARB_pipeline_statistics_query GL_ARB_pixel_buffer_object GL_ARB_point_parameters GL_ARB_point_sprite GL_ARB_polygon_offset_clamp GL_ARB_post_depth_coverage GL_ARB_program_interface_query GL_ARB_provoki
ng_vertex GL_ARB_query_buffer_object GL_ARB_robust_buffer_access_behavior GL_ARB_robustness GL_ARB_sample_locations GL_ARB_sample_shading GL_ARB_sampler_objects GL_ARB_seamless_cube_map GL_ARB_seamless_cubemap_per_texture GL_ARB_separate_shader_objects GL_ARB_shader_atomic_counter_ops GL_ARB_shader_atomic_counters GL_ARB_shader_ballot GL_ARB_shader_bit_encoding GL_ARB_shader_clock GL_ARB_shader_draw_parameters GL_ARB_shader_group_vote GL_ARB_shader_image_load_store GL_ARB_shader_image_size GL_ARB_shader_objects GL_ARB_shader_precision GL_ARB_shader_storage_buffer_object GL_ARB_shader_subroutine GL_ARB_shader_texture_image_samples GL_ARB_shader_texture_lod GL_ARB_shading_language_100 GL_ARB_shader_viewport_layer_array GL_ARB_shading_language_420pack GL_ARB_shading_language_include GL_ARB_shading_language_packing GL_ARB_shadow GL_ARB_sparse_buffer GL_ARB_sparse_texture GL_ARB_sparse_texture2 GL_ARB_sparse_texture_clamp GL_ARB_spirv_extensions GL_ARB_stencil_texturing GL_ARB_sync GL_ARB_tessellation_shader GL_A
RB_texture_barrier GL_ARB_texture_border_clamp GL_ARB_texture_buffer_object GL_ARB_texture_buffer_object_rgb32 GL_ARB_texture_buffer_range GL_ARB_texture_compression GL_ARB_texture_compression_bptc GL_ARB_texture_compression_rgtc GL_ARB_texture_cube_map GL_ARB_texture_cube_map_array GL_ARB_texture_env_add GL_ARB_texture_env_combine GL_ARB_texture_env_crossbar GL_ARB_texture_env_dot3 GL_ARB_texture_filter_anisotropic GL_ARB_texture_filter_minmax GL_ARB_texture_float GL_ARB_texture_gather GL_ARB_texture_mirror_clamp_to_edge GL_ARB_texture_mirrored_repeat GL_ARB_texture_multisample GL_ARB_texture_non_power_of_two GL_ARB_texture_query_levels GL_ARB_texture_query_lod GL_ARB_texture_rectangle GL_ARB_texture_rg GL_ARB_texture_rgb10_a2ui GL_ARB_texture_stencil8 GL_ARB_texture_storage GL_ARB_texture_storage_multisample GL_ARB_texture_swizzle GL_ARB_texture_view GL_ARB_timer_query GL_ARB_transform_feedback2 GL_ARB_transform_feedback3 GL_ARB_transform_feedback_instanced GL_ARB_transform_feedback_overflow_query GL_ARB_t
ranspose_matrix GL_ARB_uniform_buffer_object GL_ARB_vertex_array_bgra GL_ARB_vertex_array_object GL_ARB_vertex_attrib_64bit GL_ARB_vertex_attrib_binding GL_ARB_vertex_buffer_object GL_ARB_vertex_program GL_ARB_vertex_shader GL_ARB_vertex_type_10f_11f_11f_rev GL_ARB_vertex_type_2_10_10_10_rev GL_ARB_viewport_array GL_ARB_window_pos GL_ATI_draw_buffers GL_ATI_texture_float GL_ATI_texture_mirror_once GL_S3_s3tc GL_EXT_texture_env_add GL_EXT_abgr GL_EXT_bgra GL_EXT_bindable_uniform GL_EXT_blend_color GL_EXT_blend_equation_separate GL_EXT_blend_func_separate GL_EXT_blend_minmax GL_EXT_blend_subtract GL_EXT_compiled_vertex_array GL_EXT_Cg_shader GL_EXT_depth_bounds_test GL_EXT_direct_state_access GL_EXT_draw_buffers2 GL_EXT_draw_instanced GL_EXT_draw_range_elements GL_EXT_fog_coord GL_EXT_framebuffer_blit GL_EXT_framebuffer_multisample GL_EXTX_framebuffer_mixed_formats GL_EXT_framebuffer_multisample_blit_scaled GL_EXT_framebuffer_object GL_EXT_framebuffer_sRGB GL_EXT_geometry_shader4 GL_EXT_gpu_program_parameters 
GL_EXT_gpu_shader4 GL_EXT_multi_draw_arrays GL_EXT_multiview_texture_multisample GL_EXT_multiview_timer_query GL_EXT_packed_depth_stencil GL_EXT_packed_float GL_EXT_packed_pixels GL_EXT_pixel_buffer_object GL_EXT_point_parameters GL_EXT_polygon_offset_clamp GL_EXT_post_depth_coverage GL_EXT_provoking_vertex GL_EXT_raster_multisample GL_EXT_rescale_normal GL_EXT_secondary_color GL_EXT_separate_shader_objects GL_EXT_separate_specular_color GL_EXT_shader_image_load_formatted GL_EXT_shader_image_load_store GL_EXT_shader_integer_mix GL_EXT_shadow_funcs GL_EXT_sparse_texture2 GL_EXT_stencil_two_side GL_EXT_stencil_wrap GL_EXT_texture3D GL_EXT_texture_array GL_EXT_texture_buffer_object GL_EXT_texture_compression_dxt1 GL_EXT_texture_compression_latc GL_EXT_texture_compression_rgtc GL_EXT_texture_compression_s3tc GL_EXT_texture_cube_map GL_EXT_texture_edge_clamp GL_EXT_texture_env_combine GL_EXT_texture_env_dot3 GL_EXT_texture_filter_anisotropic GL_EXT_texture_filter_minmax GL_EXT_texture_integer GL_EXT_texture_lod G
L_EXT_texture_lod_bias GL_EXT_texture_mirror_clamp GL_EXT_texture_object GL_EXT_texture_shadow_lod GL_EXT_texture_shared_exponent GL_EXT_texture_sRGB GL_EXT_texture_sRGB_R8 GL_EXT_texture_sRGB_decode GL_EXT_texture_storage GL_EXT_texture_swizzle GL_EXT_timer_query GL_EXT_transform_feedback2 GL_EXT_vertex_array GL_EXT_vertex_array_bgra GL_EXT_vertex_attrib_64bit GL_EXT_window_rectangles GL_EXT_x11_sync_object GL_EXT_import_sync_object GL_NV_robustness_video_memory_purge GL_IBM_rasterpos_clip GL_IBM_texture_mirrored_repeat GL_KHR_context_flush_control GL_KHR_debug GL_EXT_memory_object GL_EXT_memory_object_fd GL_KHR_parallel_shader_compile GL_KHR_no_error GL_KHR_robust_buffer_access_behavior GL_KHR_robustness GL_EXT_semaphore GL_EXT_semaphore_fd GL_KHR_shader_subgroup GL_KTX_buffer_region GL_NV_alpha_to_coverage_dither_control GL_NV_bindless_multi_draw_indirect GL_NV_bindless_multi_draw_indirect_count GL_NV_bindless_texture GL_NV_blend_equation_advanced GL_NV_blend_equation_advanced_coherent GL_NVX_blend_equati
on_advanced_multi_draw_buffers GL_NV_blend_minmax_factor GL_NV_blend_square GL_NV_clip_space_w_scaling GL_NV_command_list GL_NV_compute_program5 GL_NV_conditional_render GL_NV_conservative_raster GL_NV_conservative_raster_dilate GL_NV_conservative_raster_pre_snap_triangles GL_NV_copy_depth_to_color GL_NV_copy_image GL_NV_depth_buffer_float GL_NV_depth_clamp GL_NV_draw_texture GL_NV_draw_vulkan_image GL_NV_ES1_1_compatibility GL_NV_ES3_1_compatibility GL_NV_explicit_multisample GL_NV_feature_query GL_NV_fence GL_NV_fill_rectangle GL_NV_float_buffer GL_NV_fog_distance GL_NV_fragment_coverage_to_color GL_NV_fragment_program GL_NV_fragment_program_option GL_NV_fragment_program2 GL_NV_fragment_shader_interlock GL_NV_framebuffer_mixed_samples GL_NV_framebuffer_multisample_coverage GL_NV_geometry_shader4 GL_NV_geometry_shader_passthrough GL_NV_gpu_program4 GL_NV_internalformat_sample_query GL_NV_gpu_program4_1 GL_NV_gpu_program5 GL_NV_gpu_program5_mem_extended GL_NV_gpu_program_fp64 GL_NV_gpu_shader5 GL_NV_half_flo
at GL_NV_light_max_exponent GL_NV_memory_attachment GL_NV_multisample_coverage GL_NV_multisample_filter_hint GL_NV_occlusion_query GL_NV_packed_depth_stencil GL_NV_parameter_buffer_object GL_NV_parameter_buffer_object2 GL_NV_path_rendering GL_NV_path_rendering_shared_edge GL_NV_pixel_data_range GL_NV_point_sprite GL_NV_primitive_restart GL_NV_query_resource GL_NV_query_resource_tag GL_NV_register_combiners GL_NV_register_combiners2 GL_NV_sample_locations GL_NV_sample_mask_override_coverage GL_NV_shader_atomic_counters GL_NV_shader_atomic_float GL_NV_shader_atomic_float64 GL_NV_shader_atomic_fp16_vector GL_NV_shader_atomic_int64 GL_NV_shader_buffer_load GL_NV_shader_storage_buffer_object GL_NV_shader_subgroup_partitioned GL_NV_stereo_view_rendering GL_NV_texgen_reflection GL_NV_texture_barrier GL_NV_texture_compression_vtc GL_NV_texture_env_combine4 GL_NV_texture_multisample GL_NV_texture_rectangle GL_NV_texture_rectangle_compressed GL_NV_texture_shader GL_NV_texture_shader2 GL_NV_texture_shader3 GL_NV_transf
orm_feedback GL_NV_transform_feedback2 GL_NV_uniform_buffer_unified_memory GL_NV_vdpau_interop GL_NV_vdpau_interop2 GL_NV_vertex_array_range GL_NV_vertex_array_range2 GL_NV_vertex_attrib_integer_64bit GL_NV_vertex_buffer_unified_memory GL_NV_vertex_program GL_NV_vertex_program1_1 GL_NV_vertex_program2 GL_NV_vertex_program2_option GL_NV_vertex_program3 GL_NV_viewport_array2 GL_NV_viewport_swizzle GL_NVX_conditional_render GL_NV_gpu_multicast GL_NVX_progress_fence GL_NVX_gpu_memory_info GL_NVX_nvenc_interop GL_NV_shader_thread_group GL_NV_shader_thread_shuffle GL_KHR_blend_equation_advanced GL_KHR_blend_equation_advanced_coherent GL_OVR_multiview GL_OVR_multiview2 GL_SGIS_generate_mipmap GL_SGIS_texture_lod GL_SGIX_depth_texture GL_SGIX_shadow GL_SUN_slice_accum
OPENGL LOG: Creating OpenGL 4.5 graphics device ; Context level  <OpenGL 4.5> ; Context handle 573233048
Initialize mono
Mono path[0] = '/media/felipe/DATA/Unity_Linux/2020.2.6f1/Editor/Data/Managed'
Mono path[1] = '/media/felipe/DATA/Unity_Linux/2020.2.6f1/Editor/Data/MonoBleedingEdge/lib/mono/unityjit'
Mono config path = '/media/felipe/DATA/Unity_Linux/2020.2.6f1/Editor/Data/MonoBleedingEdge/etc'
Using monoOptions --debugger-agent=transport=dt_socket,embedding=1,server=y,suspend=n,address=127.0.0.1:56240
Begin MonoManager ReloadAssembly
Registering precompiled unity dll's ...
Register platform support module: /media/felipe/DATA/Unity_Linux/2020.2.6f1/Editor/Data/PlaybackEngines/LinuxStandaloneSupport/UnityEditor.LinuxStandalone.Extensions.dll
Registered in 0,012124 seconds.
Native extension for LinuxStandalone target not found
Refreshing native plugins compatible for Editor in 18,06 ms, found 0 plugins.
Preloading 0 native plugins for Editor in 0,00 ms.
Invoked RoslynAnalysisRunner static constructor.
RoslynAnalysisRunner will not be running.
RoslynAnalysisRunner has terminated.
Mono: successfully reloaded assembly
- Completed reload, in  8,607 seconds
Platform modules already initialized, skipping
Registering precompiled user dll's ...
Registered in 0,000330 seconds.
Begin MonoManager ReloadAssembly
Native extension for LinuxStandalone target not found
Refreshing native plugins compatible for Editor in 0,17 ms, found 0 plugins.
Preloading 0 native plugins for Editor in 0,00 ms.
Invoked RoslynAnalysisRunner static constructor.
RoslynAnalysisRunner will not be running.
RoslynAnalysisRunner has terminated.
Mono: successfully reloaded assembly
- Completed reload, in  0,865 seconds
Platform modules already initialized, skipping
========================================================================
Worker process is ready to serve import requests
Launched and connected shader compiler UnityShaderCompiler after 0.01 seconds
Refreshing native plugins compatible for Editor in 0,18 ms, found 0 plugins.
Preloading 0 native plugins for Editor in 0,00 ms.
Unloading 1104 Unused Serialized files (Serialized files now loaded: 0)
System memory in use before: 50,9 MB.
System memory in use after: 51,0 MB.

Unloading 9 unused Assets to reduce memory usage. Loaded Objects now: 1546.
Total: 1,883879 ms (FindLiveObjects: 0,128345 ms CreateObjectMapping: 0,038972 ms MarkObjects: 1,633987 ms  DeleteObjects: 0,081867 ms)

========================================================================
Received Import Request.
  path: Assets/PlayerMat.mat
  artifactKey: Guid(09d2374b032f3daaba841656366dbadc) Importer(815301076,1909f56bfc062723c751e8b465ee728b)
Start importing Assets/PlayerMat.mat using Guid(09d2374b032f3daaba841656366dbadc) Importer(815301076,1909f56bfc062723c751e8b465ee728b)  -> (artifact id: '3b06ba0f19d8adc673b58be01a98655e') in 0,381170 seconds
  Import took 0,382864 seconds .

========================================================================
Received Import Request.
  Time since last request: 0,000240 seconds.
  path: Assets/Slippery.physicMaterial
  artifactKey: Guid(461cb685d45cb23eba0961bf195693a4) Importer(815301076,1909f56bfc062723c751e8b465ee728b)
Start importing Assets/Slippery.physicMaterial using Guid(461cb685d45cb23eba0961bf195693a4) Importer(815301076,1909f56bfc062723c751e8b465ee728b)  -> (artifact id: '74bf0c6c4b8e6f77926da43f90f74cb1') in 0,000672 seconds
  Import took 0,001754 seconds .

========================================================================
Received Prepare
Registering precompiled user dll's ...
Registered in 0,000328 seconds.
Begin MonoManager ReloadAssembly
Native extension for LinuxStandalone target not found
Refreshing native plugins compatible for Editor in 0,18 ms, found 0 plugins.
Preloading 0 native plugins for Editor in 0,00 ms.
Invoked RoslynAnalysisRunner static constructor.
RoslynAnalysisRunner will not be running.
RoslynAnalysisRunner has terminated.
Mono: successfully reloaded assembly
- Completed reload, in  0,863 seconds
Platform modules already initialized, skipping
Refreshing native plugins compatible for Editor in 0,10 ms, found 0 plugins.
Preloading 0 native plugins for Editor in 0,00 ms.
Unloading 1099 Unused Serialized files (Serialized files now loaded: 0)
System memory in use before: 52,5 MB.
System memory in use after: 52,6 MB.

Unloading 4 unused Assets to reduce memory usage. Loaded Objects now: 1588.
Total: 1,637669 ms (FindLiveObjects: 0,098609 ms CreateObjectMapping: 0,023176 ms MarkObjects: 1,502688 ms  DeleteObjects: 0,012429 ms)

========================================================================
Received Import Request.
  Time since last request: 10230,937601 seconds.
  path: Assets/PlayerMovement.cs
  artifactKey: Guid(054ddb57d92e4f9378ef868632742cdf) Importer(815301076,1909f56bfc062723c751e8b465ee728b)
Start importing Assets/PlayerMovement.cs using Guid(054ddb57d92e4f9378ef868632742cdf) Importer(815301076,1909f56bfc062723c751e8b465ee728b)  -> (artifact id: '34ec83d628d928e023a46894ca931a4d') in 0,002936 seconds
  Import took 0,005058 seconds .

========================================================================
Received Import Request.
  Time since last request: 0,006430 seconds.
  path: Assets/PlayerMovement.cs
  artifactKey: Guid(054ddb57d92e4f9378ef868632742cdf) Importer(815301076,1909f56bfc062723c751e8b465ee728b)
Start importing Assets/PlayerMovement.cs using Guid(054ddb57d92e4f9378ef868632742cdf) Importer(815301076,1909f56bfc062723c751e8b465ee728b)  -> (artifact id: '34ec83d628d928e023a46894ca931a4d') in 0,000543 seconds
  Import took 0,001912 seconds .

========================================================================
Received Prepare
Registering precompiled user dll's ...
Registered in 0,000351 seconds.
Begin MonoManager ReloadAssembly
Native extension for LinuxStandalone target not found
Refreshing native plugins compatible for Editor in 0,18 ms, found 0 plugins.
Preloading 0 native plugins for Editor in 0,00 ms.
Invoked RoslynAnalysisRunner static constructor.
RoslynAnalysisRunner will not be running.
RoslynAnalysisRunner has terminated.
Mono: successfully reloaded assembly
- Completed reload, in  0,864 seconds
Platform modules already initialized, skipping
Refreshing native plugins compatible for Editor in 0,13 ms, found 0 plugins.
Preloading 0 native plugins for Editor in 0,00 ms.
Unloading 1099 Unused Serialized files (Serialized files now loaded: 0)
System memory in use before: 52,5 MB.
System memory in use after: 52,6 MB.

Unloading 4 unused Assets to reduce memory usage. Loaded Objects now: 1590.
Total: 1,618652 ms (FindLiveObjects: 0,116308 ms CreateObjectMapping: 0,025841 ms MarkObjects: 1,462794 ms  DeleteObjects: 0,012720 ms)

========================================================================
Received Prepare
Registering precompiled user dll's ...
Registered in 0,000307 seconds.
Begin MonoManager ReloadAssembly
Native extension for LinuxStandalone target not found
Refreshing native plugins compatible for Editor in 0,18 ms, found 0 plugins.
Preloading 0 native plugins for Editor in 0,00 ms.
Invoked RoslynAnalysisRunner static constructor.
RoslynAnalysisRunner will not be running.
RoslynAnalysisRunner has terminated.
Mono: successfully reloaded assembly
- Completed reload, in  0,906 seconds
Platform modules already initialized, skipping
Refreshing native plugins compatible for Editor in 0,12 ms, found 0 plugins.
Preloading 0 native plugins for Editor in 0,00 ms.
Unloading 1099 Unused Serialized files (Serialized files now loaded: 0)
System memory in use before: 52,6 MB.
System memory in use after: 52,7 MB.

Unloading 4 unused Assets to reduce memory usage. Loaded Objects now: 1592.
Total: 1,704744 ms (FindLiveObjects: 0,139614 ms CreateObjectMapping: 0,025384 ms MarkObjects: 1,524315 ms  DeleteObjects: 0,014566 ms)

========================================================================
Received Prepare
Registering precompiled user dll's ...
Registered in 0,000290 seconds.
Begin MonoManager ReloadAssembly
Native extension for LinuxStandalone target not found
Refreshing native plugins compatible for Editor in 0,18 ms, found 0 plugins.
Preloading 0 native plugins for Editor in 0,00 ms.
Invoked RoslynAnalysisRunner static constructor.
RoslynAnalysisRunner will not be running.
RoslynAnalysisRunner has terminated.
Mono: successfully reloaded assembly
- Completed reload, in  0,840 seconds
Platform modules already initialized, skipping
Refreshing native plugins compatible for Editor in 0,11 ms, found 0 plugins.
Preloading 0 native plugins for Editor in 0,00 ms.
Unloading 1099 Unused Serialized files (Serialized files now loaded: 0)
System memory in use before: 52,6 MB.
System memory in use after: 52,7 MB.

Unloading 4 unused Assets to reduce memory usage. Loaded Objects now: 1594.
Total: 1,614959 ms (FindLiveObjects: 0,112211 ms CreateObjectMapping: 0,024886 ms MarkObjects: 1,463777 ms  DeleteObjects: 0,013181 ms)

========================================================================
Received Prepare
Registering precompiled user dll's ...
Registered in 0,000289 seconds.
Begin MonoManager ReloadAssembly
Native extension for LinuxStandalone target not found
Refreshing native plugins compatible for Editor in 0,17 ms, found 0 plugins.
Preloading 0 native plugins for Editor in 0,00 ms.
Invoked RoslynAnalysisRunner static constructor.
RoslynAnalysisRunner will not be running.
RoslynAnalysisRunner has terminated.
Mono: successfully reloaded assembly
- Completed reload, in  0,832 seconds
Platform modules already initialized, skipping
Refreshing native plugins compatible for Editor in 0,10 ms, found 0 plugins.
Preloading 0 native plugins for Editor in 0,00 ms.
Unloading 1099 Unused Serialized files (Serialized files now loaded: 0)
System memory in use before: 52,6 MB.
System memory in use after: 52,7 MB.

Unloading 4 unused Assets to reduce memory usage. Loaded Objects now: 1596.
Total: 1,699235 ms (FindLiveObjects: 0,110534 ms CreateObjectMapping: 0,024986 ms MarkObjects: 1,537516 ms  DeleteObjects: 0,025263 ms)

========================================================================
Received Prepare
Registering precompiled user dll's ...
Registered in 0,000367 seconds.
Begin MonoManager ReloadAssembly
Native extension for LinuxStandalone target not found
Refreshing native plugins compatible for Editor in 0,18 ms, found 0 plugins.
Preloading 0 native plugins for Editor in 0,00 ms.
Invoked RoslynAnalysisRunner static constructor.
RoslynAnalysisRunner will not be running.
RoslynAnalysisRunner has terminated.
Mono: successfully reloaded assembly
- Completed reload, in  0,852 seconds
Platform modules already initialized, skipping
Refreshing native plugins compatible for Editor in 0,10 ms, found 0 plugins.
Preloading 0 native plugins for Editor in 0,00 ms.
Unloading 1099 Unused Serialized files (Serialized files now loaded: 0)
System memory in use before: 52,6 MB.
System memory in use after: 52,7 MB.

Unloading 4 unused Assets to reduce memory usage. Loaded Objects now: 1598.
Total: 1,663090 ms (FindLiveObjects: 0,108295 ms CreateObjectMapping: 0,024966 ms MarkObjects: 1,516200 ms  DeleteObjects: 0,012921 ms)

========================================================================
Received Prepare
Registering precompiled user dll's ...
Registered in 0,000328 seconds.
Begin MonoManager ReloadAssembly
Native extension for LinuxStandalone target not found
Refreshing native plugins compatible for Editor in 0,18 ms, found 0 plugins.
Preloading 0 native plugins for Editor in 0,00 ms.
Invoked RoslynAnalysisRunner static constructor.
RoslynAnalysisRunner will not be running.
RoslynAnalysisRunner has terminated.
Mono: successfully reloaded assembly
- Completed reload, in  0,845 seconds
Platform modules already initialized, skipping
Refreshing native plugins compatible for Editor in 0,13 ms, found 0 plugins.
Preloading 0 native plugins for Editor in 0,00 ms.
Unloading 1099 Unused Serialized files (Serialized files now loaded: 0)
System memory in use before: 52,6 MB.
System memory in use after: 52,7 MB.

Unloading 4 unused Assets to reduce memory usage. Loaded Objects now: 1600.
Total: 1,615620 ms (FindLiveObjects: 0,102442 ms CreateObjectMapping: 0,023790 ms MarkObjects: 1,475920 ms  DeleteObjects: 0,012786 ms)

========================================================================
Received Prepare
Registering precompiled user dll's ...
Registered in 0,000313 seconds.
Begin MonoManager ReloadAssembly
Native extension for LinuxStandalone target not found
Refreshing native plugins compatible for Editor in 0,17 ms, found 0 plugins.
Preloading 0 native plugins for Editor in 0,00 ms.
Invoked RoslynAnalysisRunner static constructor.
RoslynAnalysisRunner will not be running.
RoslynAnalysisRunner has terminated.
Mono: successfully reloaded assembly
- Completed reload, in  0,853 seconds
Platform modules already initialized, skipping
Refreshing native plugins compatible for Editor in 0,15 ms, found 0 plugins.
Preloading 0 native plugins for Editor in 0,00 ms.
Unloading 1099 Unused Serialized files (Serialized files now loaded: 0)
System memory in use before: 52,6 MB.
System memory in use after: 52,7 MB.

Unloading 4 unused Assets to reduce memory usage. Loaded Objects now: 1602.
Total: 1,608842 ms (FindLiveObjects: 0,117064 ms CreateObjectMapping: 0,026769 ms MarkObjects: 1,451478 ms  DeleteObjects: 0,012706 ms)

========================================================================
Received Prepare
Registering precompiled user dll's ...
Registered in 0,000298 seconds.
Begin MonoManager ReloadAssembly
Native extension for LinuxStandalone target not found
Refreshing native plugins compatible for Editor in 0,18 ms, found 0 plugins.
Preloading 0 native plugins for Editor in 0,00 ms.
Invoked RoslynAnalysisRunner static constructor.
RoslynAnalysisRunner will not be running.
RoslynAnalysisRunner has terminated.
Mono: successfully reloaded assembly
- Completed reload, in  0,840 seconds
Platform modules already initialized, skipping
Refreshing native plugins compatible for Editor in 0,11 ms, found 0 plugins.
Preloading 0 native plugins for Editor in 0,00 ms.
Unloading 1099 Unused Serialized files (Serialized files now loaded: 0)
System memory in use before: 52,6 MB.
System memory in use after: 52,7 MB.

Unloading 4 unused Assets to reduce memory usage. Loaded Objects now: 1604.
Total: 7,700895 ms (FindLiveObjects: 0,116281 ms CreateObjectMapping: 0,027191 ms MarkObjects: 7,543839 ms  DeleteObjects: 0,012698 ms)

========================================================================
Received Prepare
Registering precompiled user dll's ...
Registered in 0,000326 seconds.
Begin MonoManager ReloadAssembly
Native extension for LinuxStandalone target not found
Refreshing native plugins compatible for Editor in 0,18 ms, found 0 plugins.
Preloading 0 native plugins for Editor in 0,00 ms.
Invoked RoslynAnalysisRunner static constructor.
RoslynAnalysisRunner will not be running.
RoslynAnalysisRunner has terminated.
Mono: successfully reloaded assembly
- Completed reload, in  0,872 seconds
Platform modules already initialized, skipping
Refreshing native plugins compatible for Editor in 0,12 ms, found 0 plugins.
Preloading 0 native plugins for Editor in 0,00 ms.
Unloading 1099 Unused Serialized files (Serialized files now loaded: 0)
System memory in use before: 52,6 MB.
System memory in use after: 52,7 MB.

Unloading 4 unused Assets to reduce memory usage. Loaded Objects now: 1606.
Total: 1,638636 ms (FindLiveObjects: 0,115839 ms CreateObjectMapping: 0,025216 ms MarkObjects: 1,484151 ms  DeleteObjects: 0,012761 ms)

========================================================================
Received Prepare
Registering precompiled user dll's ...
Registered in 0,000299 seconds.
Begin MonoManager ReloadAssembly
Native extension for LinuxStandalone target not found
Refreshing native plugins compatible for Editor in 0,17 ms, found 0 plugins.
Preloading 0 native plugins for Editor in 0,00 ms.
Invoked RoslynAnalysisRunner static constructor.
RoslynAnalysisRunner will not be running.
RoslynAnalysisRunner has terminated.
Mono: successfully reloaded assembly
- Completed reload, in  0,839 seconds
Platform modules already initialized, skipping
Refreshing native plugins compatible for Editor in 0,17 ms, found 0 plugins.
Preloading 0 native plugins for Editor in 0,00 ms.
Unloading 1099 Unused Serialized files (Serialized files now loaded: 0)
System memory in use before: 52,6 MB.
System memory in use after: 52,7 MB.

Unloading 4 unused Assets to reduce memory usage. Loaded Objects now: 1608.
Total: 1,830020 ms (FindLiveObjects: 0,120301 ms CreateObjectMapping: 0,029107 ms MarkObjects: 1,662972 ms  DeleteObjects: 0,016752 ms)

========================================================================
Received Prepare
Registering precompiled user dll's ...
Registered in 0,000348 seconds.
Begin MonoManager ReloadAssembly
Native extension for LinuxStandalone target not found
Refreshing native plugins compatible for Editor in 0,20 ms, found 0 plugins.
Preloading 0 native plugins for Editor in 0,00 ms.
Invoked RoslynAnalysisRunner static constructor.
RoslynAnalysisRunner will not be running.
RoslynAnalysisRunner has terminated.
Mono: successfully reloaded assembly
- Completed reload, in  0,858 seconds
Platform modules already initialized, skipping
Refreshing native plugins compatible for Editor in 0,11 ms, found 0 plugins.
Preloading 0 native plugins for Editor in 0,00 ms.
Unloading 1099 Unused Serialized files (Serialized files now loaded: 0)
System memory in use before: 52,6 MB.
System memory in use after: 52,7 MB.

Unloading 4 unused Assets to reduce memory usage. Loaded Objects now: 1610.
Total: 1,610383 ms (FindLiveObjects: 0,103719 ms CreateObjectMapping: 0,025340 ms MarkObjects: 1,467814 ms  DeleteObjects: 0,012705 ms)

========================================================================
Received Prepare
Registering precompiled user dll's ...
Registered in 0,000427 seconds.
Begin MonoManager ReloadAssembly
Native extension for LinuxStandalone target not found
Refreshing native plugins compatible for Editor in 0,18 ms, found 0 plugins.
Preloading 0 native plugins for Editor in 0,00 ms.
Invoked RoslynAnalysisRunner static constructor.
RoslynAnalysisRunner will not be running.
RoslynAnalysisRunner has terminated.
Mono: successfully reloaded assembly
- Completed reload, in  0,848 seconds
Platform modules already initialized, skipping
Refreshing native plugins compatible for Editor in 0,11 ms, found 0 plugins.
Preloading 0 native plugins for Editor in 0,00 ms.
Unloading 1099 Unused Serialized files (Serialized files now loaded: 0)
System memory in use before: 52,6 MB.
System memory in use after: 52,7 MB.

Unloading 4 unused Assets to reduce memory usage. Loaded Objects now: 1612.
Total: 1,674185 ms (FindLiveObjects: 0,116960 ms CreateObjectMapping: 0,027521 ms MarkObjects: 1,516358 ms  DeleteObjects: 0,012599 ms)

========================================================================
Received Prepare
Registering precompiled user dll's ...
Registered in 0,017769 seconds.
Begin MonoManager ReloadAssembly
Native extension for LinuxStandalone target not found
Refreshing native plugins compatible for Editor in 0,18 ms, found 0 plugins.
Preloading 0 native plugins for Editor in 0,00 ms.
Invoked RoslynAnalysisRunner static constructor.
RoslynAnalysisRunner will not be running.
RoslynAnalysisRunner has terminated.
Mono: successfully reloaded assembly
- Completed reload, in  1,082 seconds
Platform modules already initialized, skipping
Refreshing native plugins compatible for Editor in 0,22 ms, found 0 plugins.
Preloading 0 native plugins for Editor in 0,00 ms.
Unloading 1099 Unused Serialized files (Serialized files now loaded: 0)
System memory in use before: 52,6 MB.
System memory in use after: 52,7 MB.

Unloading 4 unused Assets to reduce memory usage. Loaded Objects now: 1614.
Total: 2,198108 ms (FindLiveObjects: 0,145331 ms CreateObjectMapping: 0,033381 ms MarkObjects: 2,000635 ms  DeleteObjects: 0,017395 ms)

========================================================================
Received Import Request.
  Time since last request: 4268,556650 seconds.
  path: Assets
  artifactKey: Guid(00000000000000001000000000000000) Importer(815301076,1909f56bfc062723c751e8b465ee728b)
Start importing Assets using Guid(00000000000000001000000000000000) Importer(815301076,1909f56bfc062723c751e8b465ee728b)  -> (artifact id: 'f47cf443bddc682ac2de11ea429897ce') in 0,014386 seconds
  Import took 0,016122 seconds .

========================================================================
Received Import Request.
  Time since last request: 8,680799 seconds.
  path: Assets/FollowPlayer.cs
  artifactKey: Guid(0e63f4cf83a731c7db2a0592f06225cc) Importer(815301076,1909f56bfc062723c751e8b465ee728b)
Start importing Assets/FollowPlayer.cs using Guid(0e63f4cf83a731c7db2a0592f06225cc) Importer(815301076,1909f56bfc062723c751e8b465ee728b)  -> (artifact id: '76fb9914077c02e51c46dad2dc37b3cf') in 0,000990 seconds
  Import took 0,002659 seconds .

========================================================================
Received Import Request.
  Time since last request: 0,001272 seconds.
  path: Assets/FollowPlayer.cs
  artifactKey: Guid(0e63f4cf83a731c7db2a0592f06225cc) Importer(815301076,1909f56bfc062723c751e8b465ee728b)
Start importing Assets/FollowPlayer.cs using Guid(0e63f4cf83a731c7db2a0592f06225cc) Importer(815301076,1909f56bfc062723c751e8b465ee728b)  -> (artifact id: '76fb9914077c02e51c46dad2dc37b3cf') in 0,000482 seconds
  Import took 0,001859 seconds .

========================================================================
Received Prepare
Registering precompiled user dll's ...
Registered in 0,000332 seconds.
Begin MonoManager ReloadAssembly
Native extension for LinuxStandalone target not found
Refreshing native plugins compatible for Editor in 0,18 ms, found 0 plugins.
Preloading 0 native plugins for Editor in 0,00 ms.
Invoked RoslynAnalysisRunner static constructor.
RoslynAnalysisRunner will not be running.
RoslynAnalysisRunner has terminated.
Mono: successfully reloaded assembly
- Completed reload, in  0,940 seconds
Platform modules already initialized, skipping
Refreshing native plugins compatible for Editor in 0,31 ms, found 0 plugins.
Preloading 0 native plugins for Editor in 0,00 ms.
Unloading 1100 Unused Serialized files (Serialized files now loaded: 0)
System memory in use before: 52,6 MB.
System memory in use after: 52,7 MB.

Unloading 4 unused Assets to reduce memory usage. Loaded Objects now: 1617.
Total: 2,785619 ms (FindLiveObjects: 0,117077 ms CreateObjectMapping: 0,030905 ms MarkObjects: 2,618019 ms  DeleteObjects: 0,018448 ms)

========================================================================
Received Prepare
Registering precompiled user dll's ...
Registered in 0,000290 seconds.
Begin MonoManager ReloadAssembly
Native extension for LinuxStandalone target not found
Refreshing native plugins compatible for Editor in 0,17 ms, found 0 plugins.
Preloading 0 native plugins for Editor in 0,00 ms.
Invoked RoslynAnalysisRunner static constructor.
RoslynAnalysisRunner will not be running.
RoslynAnalysisRunner has terminated.
Mono: successfully reloaded assembly
- Completed reload, in  0,859 seconds
Platform modules already initialized, skipping
Refreshing native plugins compatible for Editor in 0,12 ms, found 0 plugins.
Preloading 0 native plugins for Editor in 0,00 ms.
Unloading 1100 Unused Serialized files (Serialized files now loaded: 0)
System memory in use before: 52,6 MB.
System memory in use after: 52,7 MB.

Unloading 4 unused Assets to reduce memory usage. Loaded Objects now: 1619.
Total: 1,639290 ms (FindLiveObjects: 0,127724 ms CreateObjectMapping: 0,031794 ms MarkObjects: 1,462143 ms  DeleteObjects: 0,016949 ms)

========================================================================
Received Import Request.
  Time since last request: 80,996922 seconds.
  path: Assets/FollowPlayer.cs
  artifactKey: Guid(0e63f4cf83a731c7db2a0592f06225cc) Importer(815301076,1909f56bfc062723c751e8b465ee728b)
Start importing Assets/FollowPlayer.cs using Guid(0e63f4cf83a731c7db2a0592f06225cc) Importer(815301076,1909f56bfc062723c751e8b465ee728b)  -> (artifact id: '56620bceb883de971640fe3d6f65e03b') in 0,001975 seconds
  Import took 0,003307 seconds .

========================================================================
Received Prepare
Registering precompiled user dll's ...
Registered in 0,000294 seconds.
Begin MonoManager ReloadAssembly
Native extension for LinuxStandalone target not found
Refreshing native plugins compatible for Editor in 0,19 ms, found 0 plugins.
Preloading 0 native plugins for Editor in 0,00 ms.
Invoked RoslynAnalysisRunner static constructor.
RoslynAnalysisRunner will not be running.
RoslynAnalysisRunner has terminated.
Mono: successfully reloaded assembly
- Completed reload, in  0,856 seconds
Platform modules already initialized, skipping
Refreshing native plugins compatible for Editor in 0,12 ms, found 0 plugins.
Preloading 0 native plugins for Editor in 0,00 ms.
Unloading 1100 Unused Serialized files (Serialized files now loaded: 0)
System memory in use before: 52,6 MB.
System memory in use after: 52,7 MB.

Unloading 4 unused Assets to reduce memory usage. Loaded Objects now: 1621.
Total: 1,652167 ms (FindLiveObjects: 0,107285 ms CreateObjectMapping: 0,026069 ms MarkObjects: 1,504812 ms  DeleteObjects: 0,013198 ms)

========================================================================
Received Prepare
Registering precompiled user dll's ...
Registered in 0,000287 seconds.
Begin MonoManager ReloadAssembly
Native extension for LinuxStandalone target not found
Refreshing native plugins compatible for Editor in 0,18 ms, found 0 plugins.
Preloading 0 native plugins for Editor in 0,00 ms.
Invoked RoslynAnalysisRunner static constructor.
RoslynAnalysisRunner will not be running.
RoslynAnalysisRunner has terminated.
Mono: successfully reloaded assembly
- Completed reload, in  0,854 seconds
Platform modules already initialized, skipping
Refreshing native plugins compatible for Editor in 0,16 ms, found 0 plugins.
Preloading 0 native plugins for Editor in 0,00 ms.
Unloading 1100 Unused Serialized files (Serialized files now loaded: 0)
System memory in use before: 52,6 MB.
System memory in use after: 52,7 MB.

Unloading 4 unused Assets to reduce memory usage. Loaded Objects now: 1623.
Total: 1,642295 ms (FindLiveObjects: 0,119051 ms CreateObjectMapping: 0,027570 ms MarkObjects: 1,479343 ms  DeleteObjects: 0,015192 ms)

========================================================================
Received Prepare
Registering precompiled user dll's ...
Registered in 0,000327 seconds.
Begin MonoManager ReloadAssembly
Native extension for LinuxStandalone target not found
Refreshing native plugins compatible for Editor in 0,20 ms, found 0 plugins.
Preloading 0 native plugins for Editor in 0,00 ms.
Invoked RoslynAnalysisRunner static constructor.
RoslynAnalysisRunner will not be running.
RoslynAnalysisRunner has terminated.
Mono: successfully reloaded assembly
- Completed reload, in  0,899 seconds
Platform modules already initialized, skipping
Refreshing native plugins compatible for Editor in 0,15 ms, found 0 plugins.
Preloading 0 native plugins for Editor in 0,00 ms.
Unloading 1100 Unused Serialized files (Serialized files now loaded: 0)
System memory in use before: 52,6 MB.
System memory in use after: 52,7 MB.

Unloading 4 unused Assets to reduce memory usage. Loaded Objects now: 1625.
Total: 1,631020 ms (FindLiveObjects: 0,118142 ms CreateObjectMapping: 0,026645 ms MarkObjects: 1,471929 ms  DeleteObjects: 0,013385 ms)

========================================================================
Received Prepare
Registering precompiled user dll's ...
Registered in 0,000309 seconds.
Begin MonoManager ReloadAssembly
Native extension for LinuxStandalone target not found
Refreshing native plugins compatible for Editor in 0,18 ms, found 0 plugins.
Preloading 0 native plugins for Editor in 0,00 ms.
Invoked RoslynAnalysisRunner static constructor.
RoslynAnalysisRunner will not be running.
RoslynAnalysisRunner has terminated.
Mono: successfully reloaded assembly
- Completed reload, in  0,863 seconds
Platform modules already initialized, skipping
Refreshing native plugins compatible for Editor in 0,18 ms, found 0 plugins.
Preloading 0 native plugins for Editor in 0,00 ms.
Unloading 1100 Unused Serialized files (Serialized files now loaded: 0)
System memory in use before: 52,7 MB.
System memory in use after: 52,7 MB.

Unloading 4 unused Assets to reduce memory usage. Loaded Objects now: 1627.
Total: 1,808223 ms (FindLiveObjects: 0,137589 ms CreateObjectMapping: 0,033391 ms MarkObjects: 1,617854 ms  DeleteObjects: 0,018344 ms)

========================================================================
Received Prepare
Registering precompiled user dll's ...
Registered in 0,000302 seconds.
Begin MonoManager ReloadAssembly
Native extension for LinuxStandalone target not found
Refreshing native plugins compatible for Editor in 0,17 ms, found 0 plugins.
Preloading 0 native plugins for Editor in 0,00 ms.
Invoked RoslynAnalysisRunner static constructor.
RoslynAnalysisRunner will not be running.
RoslynAnalysisRunner has terminated.
Mono: successfully reloaded assembly
- Completed reload, in  0,854 seconds
Platform modules already initialized, skipping
Refreshing native plugins compatible for Editor in 0,15 ms, found 0 plugins.
Preloading 0 native plugins for Editor in 0,00 ms.
Unloading 1100 Unused Serialized files (Serialized files now loaded: 0)
System memory in use before: 52,7 MB.
System memory in use after: 52,7 MB.

Unloading 4 unused Assets to reduce memory usage. Loaded Objects now: 1629.
Total: 1,677901 ms (FindLiveObjects: 0,108015 ms CreateObjectMapping: 0,026443 ms MarkObjects: 1,528966 ms  DeleteObjects: 0,013685 ms)

========================================================================
Received Prepare
Registering precompiled user dll's ...
Registered in 0,000472 seconds.
Begin MonoManager ReloadAssembly
Native extension for LinuxStandalone target not found
Refreshing native plugins compatible for Editor in 0,18 ms, found 0 plugins.
Preloading 0 native plugins for Editor in 0,00 ms.
Invoked RoslynAnalysisRunner static constructor.
RoslynAnalysisRunner will not be running.
RoslynAnalysisRunner has terminated.
Mono: successfully reloaded assembly
- Completed reload, in  0,883 seconds
Platform modules already initialized, skipping
Refreshing native plugins compatible for Editor in 0,12 ms, found 0 plugins.
Preloading 0 native plugins for Editor in 0,00 ms.
Unloading 1100 Unused Serialized files (Serialized files now loaded: 0)
System memory in use before: 52,7 MB.
System memory in use after: 52,7 MB.

Unloading 4 unused Assets to reduce memory usage. Loaded Objects now: 1631.
Total: 2,396592 ms (FindLiveObjects: 0,213069 ms CreateObjectMapping: 0,088120 ms MarkObjects: 2,070980 ms  DeleteObjects: 0,022815 ms)

========================================================================
Received Prepare
Registering precompiled user dll's ...
Registered in 0,000398 seconds.
Begin MonoManager ReloadAssembly
Native extension for LinuxStandalone target not found
Refreshing native plugins compatible for Editor in 0,18 ms, found 0 plugins.
Preloading 0 native plugins for Editor in 0,00 ms.
Invoked RoslynAnalysisRunner static constructor.
RoslynAnalysisRunner will not be running.
RoslynAnalysisRunner has terminated.
Mono: successfully reloaded assembly
- Completed reload, in  0,981 seconds
Platform modules already initialized, skipping
Refreshing native plugins compatible for Editor in 0,19 ms, found 0 plugins.
Preloading 0 native plugins for Editor in 0,00 ms.
Unloading 1100 Unused Serialized files (Serialized files now loaded: 0)
System memory in use before: 52,7 MB.
System memory in use after: 52,8 MB.

Unloading 4 unused Assets to reduce memory usage. Loaded Objects now: 1633.
Total: 2,269141 ms (FindLiveObjects: 0,202889 ms CreateObjectMapping: 0,052103 ms MarkObjects: 1,988571 ms  DeleteObjects: 0,024384 ms)

========================================================================
Received Prepare
Registering precompiled user dll's ...
Registered in 0,000476 seconds.
Begin MonoManager ReloadAssembly
Native extension for LinuxStandalone target not found
Refreshing native plugins compatible for Editor in 0,31 ms, found 0 plugins.
Preloading 0 native plugins for Editor in 0,00 ms.
Invoked RoslynAnalysisRunner static constructor.
RoslynAnalysisRunner will not be running.
RoslynAnalysisRunner has terminated.
Mono: successfully reloaded assembly
- Completed reload, in  0,922 seconds
Platform modules already initialized, skipping
Refreshing native plugins compatible for Editor in 0,18 ms, found 0 plugins.
Preloading 0 native plugins for Editor in 0,00 ms.
Unloading 1100 Unused Serialized files (Serialized files now loaded: 0)
System memory in use before: 52,7 MB.
System memory in use after: 52,8 MB.

Unloading 4 unused Assets to reduce memory usage. Loaded Objects now: 1635.
Total: 1,925013 ms (FindLiveObjects: 0,157362 ms CreateObjectMapping: 0,037392 ms MarkObjects: 1,694830 ms  DeleteObjects: 0,034485 ms)

========================================================================
Received Prepare
Registering precompiled user dll's ...
Registered in 0,000432 seconds.
Begin MonoManager ReloadAssembly
Native extension for LinuxStandalone target not found
Refreshing native plugins compatible for Editor in 0,17 ms, found 0 plugins.
Preloading 0 native plugins for Editor in 0,00 ms.
Invoked RoslynAnalysisRunner static constructor.
RoslynAnalysisRunner will not be running.
RoslynAnalysisRunner has terminated.
Mono: successfully reloaded assembly
- Completed reload, in  0,853 seconds
Platform modules already initialized, skipping
Refreshing native plugins compatible for Editor in 0,12 ms, found 0 plugins.
Preloading 0 native plugins for Editor in 0,00 ms.
Unloading 1101 Unused Serialized files (Serialized files now loaded: 0)
System memory in use before: 52,7 MB.
System memory in use after: 52,8 MB.

Unloading 4 unused Assets to reduce memory usage. Loaded Objects now: 1638.
Total: 1,622616 ms (FindLiveObjects: 0,117215 ms CreateObjectMapping: 0,024751 ms MarkObjects: 1,466698 ms  DeleteObjects: 0,013056 ms)

========================================================================
Received Import Request.
  Time since last request: 631,079706 seconds.
  path: Assets/PlayerCollision.cs
  artifactKey: Guid(6792d687ad685c35ca571f6063e04bd3) Importer(815301076,1909f56bfc062723c751e8b465ee728b)
Start importing Assets/PlayerCollision.cs using Guid(6792d687ad685c35ca571f6063e04bd3) Importer(815301076,1909f56bfc062723c751e8b465ee728b)  -> (artifact id: '4f5a1cce605185a48b26b81fa34f1e32') in 0,002727 seconds
  Import took 0,005072 seconds .

========================================================================
Received Import Request.
  Time since last request: 0,000896 seconds.
  path: Assets/PlayerCollision.cs
  artifactKey: Guid(6792d687ad685c35ca571f6063e04bd3) Importer(815301076,1909f56bfc062723c751e8b465ee728b)
Start importing Assets/PlayerCollision.cs using Guid(6792d687ad685c35ca571f6063e04bd3) Importer(815301076,1909f56bfc062723c751e8b465ee728b)  -> (artifact id: '4f5a1cce605185a48b26b81fa34f1e32') in 0,000685 seconds
  Import took 0,002576 seconds .

========================================================================
Received Prepare
Registering precompiled user dll's ...
Registered in 0,000294 seconds.
Begin MonoManager ReloadAssembly
Native extension for LinuxStandalone target not found
Refreshing native plugins compatible for Editor in 0,18 ms, found 0 plugins.
Preloading 0 native plugins for Editor in 0,00 ms.
Invoked RoslynAnalysisRunner static constructor.
RoslynAnalysisRunner will not be running.
RoslynAnalysisRunner has terminated.
Mono: successfully reloaded assembly
- Completed reload, in  0,854 seconds
Platform modules already initialized, skipping
Refreshing native plugins compatible for Editor in 0,17 ms, found 0 plugins.
Preloading 0 native plugins for Editor in 0,00 ms.
Unloading 1101 Unused Serialized files (Serialized files now loaded: 0)
System memory in use before: 52,7 MB.
System memory in use after: 52,8 MB.

Unloading 4 unused Assets to reduce memory usage. Loaded Objects now: 1640.
Total: 1,652167 ms (FindLiveObjects: 0,120734 ms CreateObjectMapping: 0,024964 ms MarkObjects: 1,491828 ms  DeleteObjects: 0,013782 ms)

========================================================================
Received Import Request.
  Time since last request: 129,976922 seconds.
  path: Assets/PlayerCollision.cs
  artifactKey: Guid(6792d687ad685c35ca571f6063e04bd3) Importer(815301076,1909f56bfc062723c751e8b465ee728b)
Start importing Assets/PlayerCollision.cs using Guid(6792d687ad685c35ca571f6063e04bd3) Importer(815301076,1909f56bfc062723c751e8b465ee728b)  -> (artifact id: 'cf73ae0b386c984ea5f3a8eaa7f39b94') in 0,002136 seconds
  Import took 0,003629 seconds .

========================================================================
Received Prepare
Registering precompiled user dll's ...
Registered in 0,000395 seconds.
Begin MonoManager ReloadAssembly
Native extension for LinuxStandalone target not found
Refreshing native plugins compatible for Editor in 0,18 ms, found 0 plugins.
Preloading 0 native plugins for Editor in 0,00 ms.
Invoked RoslynAnalysisRunner static constructor.
RoslynAnalysisRunner will not be running.
RoslynAnalysisRunner has terminated.
Mono: successfully reloaded assembly
- Completed reload, in  0,848 seconds
Platform modules already initialized, skipping
Refreshing native plugins compatible for Editor in 0,17 ms, found 0 plugins.
Preloading 0 native plugins for Editor in 0,00 ms.
Unloading 1101 Unused Serialized files (Serialized files now loaded: 0)
System memory in use before: 52,7 MB.
System memory in use after: 52,8 MB.

Unloading 4 unused Assets to reduce memory usage. Loaded Objects now: 1642.
Total: 1,608158 ms (FindLiveObjects: 0,111389 ms CreateObjectMapping: 0,025147 ms MarkObjects: 1,456699 ms  DeleteObjects: 0,014129 ms)

========================================================================
Received Prepare
Registering precompiled user dll's ...
Registered in 0,000292 seconds.
Begin MonoManager ReloadAssembly
Native extension for LinuxStandalone target not found
Refreshing native plugins compatible for Editor in 0,18 ms, found 0 plugins.
Preloading 0 native plugins for Editor in 0,00 ms.
Invoked RoslynAnalysisRunner static constructor.
RoslynAnalysisRunner will not be running.
RoslynAnalysisRunner has terminated.
Mono: successfully reloaded assembly
- Completed reload, in  0,855 seconds
Platform modules already initialized, skipping
Refreshing native plugins compatible for Editor in 0,12 ms, found 0 plugins.
Preloading 0 native plugins for Editor in 0,00 ms.
Unloading 1101 Unused Serialized files (Serialized files now loaded: 0)
System memory in use before: 52,7 MB.
System memory in use after: 52,8 MB.

Unloading 4 unused Assets to reduce memory usage. Loaded Objects now: 1644.
Total: 1,645088 ms (FindLiveObjects: 0,106167 ms CreateObjectMapping: 0,025505 ms MarkObjects: 1,499927 ms  DeleteObjects: 0,012595 ms)

========================================================================
Received Import Request.
  Time since last request: 234,596072 seconds.
  path: Assets/PlayerCollision.cs
  artifactKey: Guid(6792d687ad685c35ca571f6063e04bd3) Importer(815301076,1909f56bfc062723c751e8b465ee728b)
Start importing Assets/PlayerCollision.cs using Guid(6792d687ad685c35ca571f6063e04bd3) Importer(815301076,1909f56bfc062723c751e8b465ee728b)  -> (artifact id: '05fdf578741d5bdad3aed9fc89089d3b') in 0,001943 seconds
  Import took 0,003211 seconds .

========================================================================
Received Prepare
Registering precompiled user dll's ...
Registered in 0,000338 seconds.
Begin MonoManager ReloadAssembly
Native extension for LinuxStandalone target not found
Refreshing native plugins compatible for Editor in 0,18 ms, found 0 plugins.
Preloading 0 native plugins for Editor in 0,00 ms.
Invoked RoslynAnalysisRunner static constructor.
RoslynAnalysisRunner will not be running.
RoslynAnalysisRunner has terminated.
Mono: successfully reloaded assembly
- Completed reload, in  1,037 seconds
Platform modules already initialized, skipping
Refreshing native plugins compatible for Editor in 0,17 ms, found 0 plugins.
Preloading 0 native plugins for Editor in 0,00 ms.
Unloading 1101 Unused Serialized files (Serialized files now loaded: 0)
System memory in use before: 52,7 MB.
System memory in use after: 52,8 MB.

Unloading 4 unused Assets to reduce memory usage. Loaded Objects now: 1646.
Total: 1,801758 ms (FindLiveObjects: 0,128098 ms CreateObjectMapping: 0,030490 ms MarkObjects: 1,623251 ms  DeleteObjects: 0,018628 ms)

========================================================================
Received Import Request.
  Time since last request: 274,260925 seconds.
  path: Assets/ObstacleMap.mat
  artifactKey: Guid(20c8c316edd8ce9f5b0d3020d95bc334) Importer(815301076,1909f56bfc062723c751e8b465ee728b)
Start importing Assets/ObstacleMap.mat using Guid(20c8c316edd8ce9f5b0d3020d95bc334) Importer(815301076,1909f56bfc062723c751e8b465ee728b)  -> (artifact id: '66b9a1f232d6cff5498f35b6b6261882') in 0,081090 seconds
  Import took 0,082905 seconds .

========================================================================
Received Prepare
Registering precompiled user dll's ...
Registered in 0,000334 seconds.
Begin MonoManager ReloadAssembly
Native extension for LinuxStandalone target not found
Refreshing native plugins compatible for Editor in 0,18 ms, found 0 plugins.
Preloading 0 native plugins for Editor in 0,00 ms.
Invoked RoslynAnalysisRunner static constructor.
RoslynAnalysisRunner will not be running.
RoslynAnalysisRunner has terminated.
Mono: successfully reloaded assembly
- Completed reload, in  0,867 seconds
Platform modules already initialized, skipping
Refreshing native plugins compatible for Editor in 0,16 ms, found 0 plugins.
Preloading 0 native plugins for Editor in 0,00 ms.
Unloading 1101 Unused Serialized files (Serialized files now loaded: 0)
System memory in use before: 52,7 MB.
System memory in use after: 52,8 MB.

Unloading 4 unused Assets to reduce memory usage. Loaded Objects now: 1649.
Total: 1,675646 ms (FindLiveObjects: 0,119896 ms CreateObjectMapping: 0,025210 ms MarkObjects: 1,516397 ms  DeleteObjects: 0,013202 ms)

========================================================================
Received Prepare
Registering precompiled user dll's ...
Registered in 0,000348 seconds.
Begin MonoManager ReloadAssembly
Native extension for LinuxStandalone target not found
Refreshing native plugins compatible for Editor in 0,17 ms, found 0 plugins.
Preloading 0 native plugins for Editor in 0,00 ms.
Invoked RoslynAnalysisRunner static constructor.
RoslynAnalysisRunner will not be running.
RoslynAnalysisRunner has terminated.
Mono: successfully reloaded assembly
- Completed reload, in  0,863 seconds
Platform modules already initialized, skipping
Refreshing native plugins compatible for Editor in 0,14 ms, found 0 plugins.
Preloading 0 native plugins for Editor in 0,00 ms.
Unloading 1101 Unused Serialized files (Serialized files now loaded: 0)
System memory in use before: 52,7 MB.
System memory in use after: 52,8 MB.

Unloading 4 unused Assets to reduce memory usage. Loaded Objects now: 1651.
Total: 1,645082 ms (FindLiveObjects: 0,122880 ms CreateObjectMapping: 0,026259 ms MarkObjects: 1,481750 ms  DeleteObjects: 0,013375 ms)

========================================================================
Received Prepare
Registering precompiled user dll's ...
Registered in 0,000330 seconds.
Begin MonoManager ReloadAssembly
Native extension for LinuxStandalone target not found
Refreshing native plugins compatible for Editor in 0,18 ms, found 0 plugins.
Preloading 0 native plugins for Editor in 0,00 ms.
Invoked RoslynAnalysisRunner static constructor.
RoslynAnalysisRunner will not be running.
RoslynAnalysisRunner has terminated.
Mono: successfully reloaded assembly
- Completed reload, in  0,894 seconds
Platform modules already initialized, skipping
Refreshing native plugins compatible for Editor in 0,17 ms, found 0 plugins.
Preloading 0 native plugins for Editor in 0,00 ms.
Unloading 1101 Unused Serialized files (Serialized files now loaded: 0)
System memory in use before: 52,7 MB.
System memory in use after: 52,8 MB.

Unloading 4 unused Assets to reduce memory usage. Loaded Objects now: 1653.
Total: 1,652033 ms (FindLiveObjects: 0,122828 ms CreateObjectMapping: 0,028774 ms MarkObjects: 1,484612 ms  DeleteObjects: 0,015021 ms)

========================================================================
Received Prepare
Registering precompiled user dll's ...
Registered in 0,000316 seconds.
Begin MonoManager ReloadAssembly
Native extension for LinuxStandalone target not found
Refreshing native plugins compatible for Editor in 0,18 ms, found 0 plugins.
Preloading 0 native plugins for Editor in 0,00 ms.
Invoked RoslynAnalysisRunner static constructor.
RoslynAnalysisRunner will not be running.
RoslynAnalysisRunner has terminated.
Mono: successfully reloaded assembly
- Completed reload, in  0,854 seconds
Platform modules already initialized, skipping
Refreshing native plugins compatible for Editor in 0,12 ms, found 0 plugins.
Preloading 0 native plugins for Editor in 0,00 ms.
Unloading 1101 Unused Serialized files (Serialized files now loaded: 0)
System memory in use before: 52,7 MB.
System memory in use after: 52,8 MB.

Unloading 4 unused Assets to reduce memory usage. Loaded Objects now: 1655.
Total: 1,598445 ms (FindLiveObjects: 0,142791 ms CreateObjectMapping: 0,030419 ms MarkObjects: 1,412091 ms  DeleteObjects: 0,012421 ms)

========================================================================
Received Prepare
Registering precompiled user dll's ...
Registered in 0,000323 seconds.
Begin MonoManager ReloadAssembly
Native extension for LinuxStandalone target not found
Refreshing native plugins compatible for Editor in 0,27 ms, found 0 plugins.
Preloading 0 native plugins for Editor in 0,00 ms.
Invoked RoslynAnalysisRunner static constructor.
RoslynAnalysisRunner will not be running.
RoslynAnalysisRunner has terminated.
Mono: successfully reloaded assembly
- Completed reload, in  0,911 seconds
Platform modules already initialized, skipping
Refreshing native plugins compatible for Editor in 0,12 ms, found 0 plugins.
Preloading 0 native plugins for Editor in 0,00 ms.
Unloading 1101 Unused Serialized files (Serialized files now loaded: 0)
System memory in use before: 52,7 MB.
System memory in use after: 52,8 MB.

Unloading 4 unused Assets to reduce memory usage. Loaded Objects now: 1657.
Total: 1,649889 ms (FindLiveObjects: 0,106080 ms CreateObjectMapping: 0,025340 ms MarkObjects: 1,503350 ms  DeleteObjects: 0,014306 ms)

========================================================================
Received Prepare
Registering precompiled user dll's ...
Registered in 0,000431 seconds.
Begin MonoManager ReloadAssembly
Native extension for LinuxStandalone target not found
Refreshing native plugins compatible for Editor in 0,29 ms, found 0 plugins.
Preloading 0 native plugins for Editor in 0,00 ms.
Invoked RoslynAnalysisRunner static constructor.
RoslynAnalysisRunner will not be running.
RoslynAnalysisRunner has terminated.
Mono: successfully reloaded assembly
- Completed reload, in  0,973 seconds
Platform modules already initialized, skipping
Refreshing native plugins compatible for Editor in 0,17 ms, found 0 plugins.
Preloading 0 native plugins for Editor in 0,00 ms.
Unloading 1101 Unused Serialized files (Serialized files now loaded: 0)
System memory in use before: 52,7 MB.
System memory in use after: 52,8 MB.

Unloading 4 unused Assets to reduce memory usage. Loaded Objects now: 1659.
Total: 1,822738 ms (FindLiveObjects: 0,147310 ms CreateObjectMapping: 0,040823 ms MarkObjects: 1,616159 ms  DeleteObjects: 0,017114 ms)

========================================================================
Received Import Request.
  Time since last request: 633,748991 seconds.
  path: ProjectSettings/TagManager.asset
  artifactKey: Guid(00000000000000003000000000000000) Importer(815301076,1909f56bfc062723c751e8b465ee728b)
Start importing ProjectSettings/TagManager.asset using Guid(00000000000000003000000000000000) Importer(815301076,1909f56bfc062723c751e8b465ee728b)  -> (artifact id: 'b2dee9ced0a85d274b96b1466a3268ad') in 0,008722 seconds
  Import took 0,011116 seconds .

========================================================================
Received Import Request.
  Time since last request: 0,033095 seconds.
  path: ProjectSettings/TagManager.asset
  artifactKey: Guid(00000000000000003000000000000000) Importer(815301076,1909f56bfc062723c751e8b465ee728b)
Start importing ProjectSettings/TagManager.asset using Guid(00000000000000003000000000000000) Importer(815301076,1909f56bfc062723c751e8b465ee728b)  -> (artifact id: 'b2dee9ced0a85d274b96b1466a3268ad') in 0,000797 seconds
  Import took 0,002241 seconds .

========================================================================
Received Prepare
Registering precompiled user dll's ...
Registered in 0,000473 seconds.
Begin MonoManager ReloadAssembly
Native extension for LinuxStandalone target not found
Refreshing native plugins compatible for Editor in 0,19 ms, found 0 plugins.
Preloading 0 native plugins for Editor in 0,00 ms.
Invoked RoslynAnalysisRunner static constructor.
RoslynAnalysisRunner will not be running.
RoslynAnalysisRunner has terminated.
Mono: successfully reloaded assembly
- Completed reload, in  0,863 seconds
Platform modules already initialized, skipping
Refreshing native plugins compatible for Editor in 0,13 ms, found 0 plugins.
Preloading 0 native plugins for Editor in 0,00 ms.
Unloading 1101 Unused Serialized files (Serialized files now loaded: 0)
System memory in use before: 52,7 MB.
System memory in use after: 52,8 MB.

Unloading 6 unused Assets to reduce memory usage. Loaded Objects now: 1661.
Total: 1,629380 ms (FindLiveObjects: 0,111231 ms CreateObjectMapping: 0,026157 ms MarkObjects: 1,466947 ms  DeleteObjects: 0,024073 ms)

========================================================================
Received Prepare
Registering precompiled user dll's ...
Registered in 0,000357 seconds.
Begin MonoManager ReloadAssembly
Native extension for LinuxStandalone target not found
Refreshing native plugins compatible for Editor in 0,18 ms, found 0 plugins.
Preloading 0 native plugins for Editor in 0,00 ms.
Invoked RoslynAnalysisRunner static constructor.
RoslynAnalysisRunner will not be running.
RoslynAnalysisRunner has terminated.
Mono: successfully reloaded assembly
- Completed reload, in  0,865 seconds
Platform modules already initialized, skipping
Refreshing native plugins compatible for Editor in 0,12 ms, found 0 plugins.
Preloading 0 native plugins for Editor in 0,00 ms.
Unloading 1101 Unused Serialized files (Serialized files now loaded: 0)
System memory in use before: 52,7 MB.
System memory in use after: 52,8 MB.

Unloading 4 unused Assets to reduce memory usage. Loaded Objects now: 1663.
Total: 1,637532 ms (FindLiveObjects: 0,120233 ms CreateObjectMapping: 0,025158 ms MarkObjects: 1,477512 ms  DeleteObjects: 0,013768 ms)

========================================================================
Received Prepare
Registering precompiled user dll's ...
Registered in 0,000312 seconds.
Begin MonoManager ReloadAssembly
Native extension for LinuxStandalone target not found
Refreshing native plugins compatible for Editor in 0,17 ms, found 0 plugins.
Preloading 0 native plugins for Editor in 0,00 ms.
Invoked RoslynAnalysisRunner static constructor.
RoslynAnalysisRunner will not be running.
RoslynAnalysisRunner has terminated.
Mono: successfully reloaded assembly
- Completed reload, in  0,866 seconds
Platform modules already initialized, skipping
Refreshing native plugins compatible for Editor in 0,13 ms, found 0 plugins.
Preloading 0 native plugins for Editor in 0,00 ms.
Unloading 1101 Unused Serialized files (Serialized files now loaded: 0)
System memory in use before: 52,8 MB.
System memory in use after: 52,9 MB.

Unloading 4 unused Assets to reduce memory usage. Loaded Objects now: 1665.
Total: 1,669347 ms (FindLiveObjects: 0,110262 ms CreateObjectMapping: 0,025993 ms MarkObjects: 1,518971 ms  DeleteObjects: 0,013372 ms)

========================================================================
Received Prepare
Registering precompiled user dll's ...
Registered in 0,000469 seconds.
Begin MonoManager ReloadAssembly
Native extension for LinuxStandalone target not found
Refreshing native plugins compatible for Editor in 0,20 ms, found 0 plugins.
Preloading 0 native plugins for Editor in 0,00 ms.
Invoked RoslynAnalysisRunner static constructor.
RoslynAnalysisRunner will not be running.
RoslynAnalysisRunner has terminated.
Mono: successfully reloaded assembly
- Completed reload, in  0,888 seconds
Platform modules already initialized, skipping
Refreshing native plugins compatible for Editor in 0,27 ms, found 0 plugins.
Preloading 0 native plugins for Editor in 0,00 ms.
Unloading 1101 Unused Serialized files (Serialized files now loaded: 0)
System memory in use before: 52,8 MB.
System memory in use after: 52,9 MB.

Unloading 4 unused Assets to reduce memory usage. Loaded Objects now: 1667.
Total: 1,655434 ms (FindLiveObjects: 0,127541 ms CreateObjectMapping: 0,028341 ms MarkObjects: 1,481971 ms  DeleteObjects: 0,016579 ms)

========================================================================
Received Prepare
Registering precompiled user dll's ...
Registered in 0,000334 seconds.
Begin MonoManager ReloadAssembly
Native extension for LinuxStandalone target not found
Refreshing native plugins compatible for Editor in 0,23 ms, found 0 plugins.
Preloading 0 native plugins for Editor in 0,00 ms.
Invoked RoslynAnalysisRunner static constructor.
RoslynAnalysisRunner will not be running.
RoslynAnalysisRunner has terminated.
Mono: successfully reloaded assembly
- Completed reload, in  0,903 seconds
Platform modules already initialized, skipping
Refreshing native plugins compatible for Editor in 0,17 ms, found 0 plugins.
Preloading 0 native plugins for Editor in 0,00 ms.
Unloading 1101 Unused Serialized files (Serialized files now loaded: 0)
System memory in use before: 52,8 MB.
System memory in use after: 52,9 MB.

Unloading 4 unused Assets to reduce memory usage. Loaded Objects now: 1669.
Total: 1,730817 ms (FindLiveObjects: 0,127624 ms CreateObjectMapping: 0,026342 ms MarkObjects: 1,560729 ms  DeleteObjects: 0,015242 ms)

========================================================================
Received Prepare
Registering precompiled user dll's ...
Registered in 0,000369 seconds.
Begin MonoManager ReloadAssembly
Native extension for LinuxStandalone target not found
Refreshing native plugins compatible for Editor in 0,24 ms, found 0 plugins.
Preloading 0 native plugins for Editor in 0,00 ms.
Invoked RoslynAnalysisRunner static constructor.
RoslynAnalysisRunner will not be running.
RoslynAnalysisRunner has terminated.
Mono: successfully reloaded assembly
- Completed reload, in  0,921 seconds
Platform modules already initialized, skipping
Refreshing native plugins compatible for Editor in 0,17 ms, found 0 plugins.
Preloading 0 native plugins for Editor in 0,00 ms.
Unloading 1101 Unused Serialized files (Serialized files now loaded: 0)
System memory in use before: 52,8 MB.
System memory in use after: 52,9 MB.

Unloading 4 unused Assets to reduce memory usage. Loaded Objects now: 1671.
Total: 1,772081 ms (FindLiveObjects: 0,127790 ms CreateObjectMapping: 0,029219 ms MarkObjects: 1,597463 ms  DeleteObjects: 0,016103 ms)

========================================================================
Received Import Request.
  Time since last request: 6473,153738 seconds.
  path: Assets/Obstacle.prefab
  artifactKey: Guid(9fdf816060255f7df99f2df41f7cca3e) Importer(815301076,1909f56bfc062723c751e8b465ee728b)
Start importing Assets/Obstacle.prefab using Guid(9fdf816060255f7df99f2df41f7cca3e) Importer(815301076,1909f56bfc062723c751e8b465ee728b)  -> (artifact id: 'dbaf1d2444faea711a7933805642d262') in 0,061437 seconds
  Import took 0,063994 seconds .

========================================================================
Received Import Request.
  Time since last request: 0,001406 seconds.
  path: Assets/Obstacle.prefab
  artifactKey: Guid(9fdf816060255f7df99f2df41f7cca3e) Importer(815301076,1909f56bfc062723c751e8b465ee728b)
Start importing Assets/Obstacle.prefab using Guid(9fdf816060255f7df99f2df41f7cca3e) Importer(815301076,1909f56bfc062723c751e8b465ee728b)  -> (artifact id: 'dbaf1d2444faea711a7933805642d262') in 0,006231 seconds
  Import took 0,008505 seconds .

========================================================================
Received Prepare
Registering precompiled user dll's ...
Registered in 0,000349 seconds.
Begin MonoManager ReloadAssembly
Native extension for LinuxStandalone target not found
Refreshing native plugins compatible for Editor in 0,18 ms, found 0 plugins.
Preloading 0 native plugins for Editor in 0,00 ms.
Invoked RoslynAnalysisRunner static constructor.
RoslynAnalysisRunner will not be running.
RoslynAnalysisRunner has terminated.
Mono: successfully reloaded assembly
- Completed reload, in  0,842 seconds
Platform modules already initialized, skipping
Refreshing native plugins compatible for Editor in 0,18 ms, found 0 plugins.
Preloading 0 native plugins for Editor in 0,00 ms.
Unloading 1101 Unused Serialized files (Serialized files now loaded: 0)
System memory in use before: 52,8 MB.
System memory in use after: 52,9 MB.

Unloading 4 unused Assets to reduce memory usage. Loaded Objects now: 1675.
Total: 2,302873 ms (FindLiveObjects: 0,142220 ms CreateObjectMapping: 0,051215 ms MarkObjects: 2,089926 ms  DeleteObjects: 0,018072 ms)

========================================================================
Received Import Request.
  Time since last request: 3152,737994 seconds.
  path: Assets/GroundMap.mat
  artifactKey: Guid(1beb0bfd9937a9164b4595e5ce8a739c) Importer(815301076,1909f56bfc062723c751e8b465ee728b)
Start importing Assets/GroundMap.mat using Guid(1beb0bfd9937a9164b4595e5ce8a739c) Importer(815301076,1909f56bfc062723c751e8b465ee728b)  -> (artifact id: '06b8b5d4e81e4d3ae8cd3e6c568fce36') in 0,045416 seconds
  Import took 0,050662 seconds .

========================================================================
Received Prepare
Registering precompiled user dll's ...
Registered in 0,000357 seconds.
Begin MonoManager ReloadAssembly
Native extension for LinuxStandalone target not found
Refreshing native plugins compatible for Editor in 0,17 ms, found 0 plugins.
Preloading 0 native plugins for Editor in 0,00 ms.
Invoked RoslynAnalysisRunner static constructor.
RoslynAnalysisRunner will not be running.
RoslynAnalysisRunner has terminated.
Mono: successfully reloaded assembly
- Completed reload, in  0,878 seconds
Platform modules already initialized, skipping
Refreshing native plugins compatible for Editor in 0,21 ms, found 0 plugins.
Preloading 0 native plugins for Editor in 0,00 ms.
Unloading 1101 Unused Serialized files (Serialized files now loaded: 0)
System memory in use before: 52,8 MB.
System memory in use after: 52,9 MB.

Unloading 4 unused Assets to reduce memory usage. Loaded Objects now: 1678.
Total: 1,670101 ms (FindLiveObjects: 0,117286 ms CreateObjectMapping: 0,027256 ms MarkObjects: 1,510068 ms  DeleteObjects: 0,014527 ms)

========================================================================
Received Prepare
Registering precompiled user dll's ...
Registered in 0,000351 seconds.
Begin MonoManager ReloadAssembly
Native extension for LinuxStandalone target not found
Refreshing native plugins compatible for Editor in 0,20 ms, found 0 plugins.
Preloading 0 native plugins for Editor in 0,00 ms.
Invoked RoslynAnalysisRunner static constructor.
RoslynAnalysisRunner will not be running.
RoslynAnalysisRunner has terminated.
Mono: successfully reloaded assembly
- Completed reload, in  0,872 seconds
Platform modules already initialized, skipping
Refreshing native plugins compatible for Editor in 0,12 ms, found 0 plugins.
Preloading 0 native plugins for Editor in 0,00 ms.
Unloading 1101 Unused Serialized files (Serialized files now loaded: 0)
System memory in use before: 52,8 MB.
System memory in use after: 52,9 MB.

Unloading 4 unused Assets to reduce memory usage. Loaded Objects now: 1680.
Total: 1,605905 ms (FindLiveObjects: 0,122302 ms CreateObjectMapping: 0,025182 ms MarkObjects: 1,444055 ms  DeleteObjects: 0,013225 ms)

========================================================================
Received Prepare
Registering precompiled user dll's ...
Registered in 0,000328 seconds.
Begin MonoManager ReloadAssembly
Native extension for LinuxStandalone target not found
Refreshing native plugins compatible for Editor in 0,18 ms, found 0 plugins.
Preloading 0 native plugins for Editor in 0,00 ms.
Invoked RoslynAnalysisRunner static constructor.
RoslynAnalysisRunner will not be running.
RoslynAnalysisRunner has terminated.
Mono: successfully reloaded assembly
- Completed reload, in  0,866 seconds
Platform modules already initialized, skipping
Refreshing native plugins compatible for Editor in 0,13 ms, found 0 plugins.
Preloading 0 native plugins for Editor in 0,00 ms.
Unloading 1101 Unused Serialized files (Serialized files now loaded: 0)
System memory in use before: 52,8 MB.
System memory in use after: 52,9 MB.

Unloading 4 unused Assets to reduce memory usage. Loaded Objects now: 1682.
Total: 1,670852 ms (FindLiveObjects: 0,121825 ms CreateObjectMapping: 0,025932 ms MarkObjects: 1,508539 ms  DeleteObjects: 0,013608 ms)

AssetImportWorkerClient::OnTransportError - code=2 error=End of file
